[    0.000000] Initializing cgroup subsys cpuset
[    0.000000] Initializing cgroup subsys cpu
[    0.000000] Initializing cgroup subsys cpuacct
[    0.000000] Linux version 4.4.0-91-generic (buildd@lcy01-11) (gcc version 5.4.0 20160609 (Ubuntu 5.4.0-6ubuntu1~16.04.4) ) #114-Ubuntu SMP Tue Aug 8 11:56:56 UTC 2017 (Ubuntu 4.4.0-91.114-generic 4.4.76)
[    0.000000] Command line: BOOT_IMAGE=/boot/vmlinuz-4.4.0-91-generic root=LABEL=cloudimg-rootfs ro console=tty1 console=ttyS0
[    0.000000] KERNEL supported cpus:
[    0.000000]   Intel GenuineIntel
[    0.000000]   AMD AuthenticAMD
[    0.000000]   Centaur CentaurHauls
[    0.000000] ------------[ cut here ]------------
[    0.000000] WARNING: CPU: 0 PID: 0 at /build/linux-Nq9dsd/linux-4.4.0/arch/x86/kernel/fpu/xstate.c:517 fpu__init_system_xstate+0x38b/0x75a()
[    0.000000] XSAVE consistency problem, dumping leaves
[    0.000000] Modules linked in:
[    0.000000] CPU: 0 PID: 0 Comm: swapper Not tainted 4.4.0-91-generic #114-Ubuntu
[    0.000000]  0000000000000086 1b305c592c37aad8 ffffffff81e03d80 ffffffff813f9c83
[    0.000000]  ffffffff81e03dc8 ffffffff81caa208 ffffffff81e03db8 ffffffff81081312
[    0.000000]  ffffffff81e03e48 ffffffff81e03e4c 0000000000000008 0000000000000100
[    0.000000] Call Trace:
[    0.000000]  [<ffffffff813f9c83>] dump_stack+0x63/0x90
[    0.000000]  [<ffffffff81081312>] warn_slowpath_common+0x82/0xc0
[    0.000000]  [<ffffffff810813ac>] warn_slowpath_fmt+0x5c/0x80
[    0.000000]  [<ffffffff8107d020>] ? xfeature_size+0x59/0x77
[    0.000000]  [<ffffffff81f6d206>] fpu__init_system_xstate+0x38b/0x75a
[    0.000000]  [<ffffffff81f5d120>] ? early_idt_handler_array+0x120/0x120
[    0.000000]  [<ffffffff81f6cb71>] fpu__init_system+0x10d/0x245
[    0.000000]  [<ffffffff81f6dc7a>] early_cpu_init+0x139/0x13e
[    0.000000]  [<ffffffff81f6dc7a>] ? early_cpu_init+0x139/0x13e
[    0.000000]  [<ffffffff81f69181>] setup_arch+0xb4/0xcf1
[    0.000000]  [<ffffffff81f5d120>] ? early_idt_handler_array+0x120/0x120
[    0.000000]  [<ffffffff81f5dc74>] start_kernel+0xe4/0x4a2
[    0.000000]  [<ffffffff81f5d120>] ? early_idt_handler_array+0x120/0x120
[    0.000000]  [<ffffffff81f5d339>] x86_64_start_reservations+0x2a/0x2c
[    0.000000]  [<ffffffff81f5d485>] x86_64_start_kernel+0x14a/0x16d
[    0.000000] ---[ end trace 4d5ff9f2f68c4233 ]---
[    0.000000] CPUID[0d, 00]: eax=00000007 ebx=00000440 ecx=00000440 edx=00000000
[    0.000000] CPUID[0d, 01]: eax=00000000 ebx=000003c0 ecx=00000000 edx=00000000
[    0.000000] CPUID[0d, 02]: eax=00000100 ebx=00000240 ecx=00000000 edx=00000000
[    0.000000] CPUID[0d, 03]: eax=00000000 ebx=00000000 ecx=00000000 edx=00000000
[    0.000000] CPUID[0d, 04]: eax=00000000 ebx=00000000 ecx=00000000 edx=00000000
[    0.000000] CPUID[0d, 05]: eax=00000000 ebx=00000000 ecx=00000000 edx=00000000
[    0.000000] CPUID[0d, 06]: eax=00000000 ebx=00000000 ecx=00000000 edx=00000000
[    0.000000] CPUID[0d, 07]: eax=00000000 ebx=00000000 ecx=00000000 edx=00000000
[    0.000000] CPUID[0d, 08]: eax=00000000 ebx=00000000 ecx=00000000 edx=00000000
[    0.000000] CPUID[0d, 09]: eax=00000000 ebx=00000000 ecx=00000000 edx=00000000
[    0.000000] CPUID[0d, 0a]: eax=00000000 ebx=00000000 ecx=00000000 edx=00000000
[    0.000000] CPUID[0d, 0b]: eax=00000000 ebx=00000000 ecx=00000000 edx=00000000
[    0.000000] CPUID[0d, 0c]: eax=00000000 ebx=00000000 ecx=00000000 edx=00000000
[    0.000000] CPUID[0d, 0d]: eax=00000000 ebx=00000000 ecx=00000000 edx=00000000
[    0.000000] CPUID[0d, 0e]: eax=00000000 ebx=00000000 ecx=00000000 edx=00000000
[    0.000000] CPUID[0d, 0f]: eax=00000000 ebx=00000000 ecx=00000000 edx=00000000
[    0.000000] CPUID[0d, 10]: eax=00000000 ebx=00000000 ecx=00000000 edx=00000000
[    0.000000] CPUID[0d, 11]: eax=00000000 ebx=00000000 ecx=00000000 edx=00000000
[    0.000000] x86/fpu: xstate_offset[2]:  576, xstate_sizes[2]:  256
[    0.000000] x86/fpu: Supporting XSAVE feature 0x01: 'x87 floating point registers'
[    0.000000] x86/fpu: Supporting XSAVE feature 0x02: 'SSE registers'
[    0.000000] x86/fpu: Supporting XSAVE feature 0x04: 'AVX registers'
[    0.000000] x86/fpu: Enabled xstate features 0x7, context size is 1088 bytes, using 'standard' format.
[    0.000000] x86/fpu: Using 'lazy' FPU context switches.
[    0.000000] e820: BIOS-provided physical RAM map:
[    0.000000] BIOS-e820: [mem 0x0000000000000000-0x000000000009fbff] usable
[    0.000000] BIOS-e820: [mem 0x000000000009fc00-0x000000000009ffff] reserved
[    0.000000] BIOS-e820: [mem 0x00000000000f0000-0x00000000000fffff] reserved
[    0.000000] BIOS-e820: [mem 0x0000000000100000-0x000000001ffeffff] usable
[    0.000000] BIOS-e820: [mem 0x000000001fff0000-0x000000001fffffff] ACPI data
[    0.000000] BIOS-e820: [mem 0x00000000fec00000-0x00000000fec00fff] reserved
[    0.000000] BIOS-e820: [mem 0x00000000fee00000-0x00000000fee00fff] reserved
[    0.000000] BIOS-e820: [mem 0x00000000fffc0000-0x00000000ffffffff] reserved
[    0.000000] NX (Execute Disable) protection: active
[    0.000000] SMBIOS 2.5 present.
[    0.000000] Hypervisor detected: KVM
[    0.000000] e820: last_pfn = 0x1fff0 max_arch_pfn = 0x400000000
[    0.000000] MTRR: Disabled
[    0.000000] x86/PAT: MTRRs disabled, skipping PAT initialization too.
[    0.000000] x86/PAT: Configuration [0-7]: WB  WT  UC- UC  WB  WT  UC- UC  
[    0.000000] CPU MTRRs all blank - virtualized system.
[    0.000000] found SMP MP-table at [mem 0x0009fff0-0x0009ffff] mapped at [ffff88000009fff0]
[    0.000000] Scanning 1 areas for low memory corruption
[    0.000000] RAMDISK: [mem 0x1ed1c000-0x1f7b0fff]
[    0.000000] ACPI: Early table checksum verification disabled
[    0.000000] ACPI: RSDP 0x00000000000E0000 000024 (v02 VBOX  )
[    0.000000] ACPI: XSDT 0x000000001FFF0030 00003C (v01 VBOX   VBOXXSDT 00000001 ASL  00000061)
[    0.000000] ACPI: FACP 0x000000001FFF00F0 0000F4 (v04 VBOX   VBOXFACP 00000001 ASL  00000061)
[    0.000000] ACPI: DSDT 0x000000001FFF0470 0021C8 (v02 VBOX   VBOXBIOS 00000002 INTL 20100528)
[    0.000000] ACPI: FACS 0x000000001FFF0200 000040
[    0.000000] ACPI: FACS 0x000000001FFF0200 000040
[    0.000000] ACPI: APIC 0x000000001FFF0240 00005C (v02 VBOX   VBOXAPIC 00000001 ASL  00000061)
[    0.000000] ACPI: SSDT 0x000000001FFF02A0 0001CC (v01 VBOX   VBOXCPUT 00000002 INTL 20100528)
[    0.000000] No NUMA configuration found
[    0.000000] Faking a node at [mem 0x0000000000000000-0x000000001ffeffff]
[    0.000000] NODE_DATA(0) allocated [mem 0x1ffeb000-0x1ffeffff]
[    0.000000] kvm-clock: Using msrs 4b564d01 and 4b564d00
[    0.000000] kvm-clock: cpu 0, msr 0:1ffe3001, primary cpu clock
[    0.000000] kvm-clock: using sched offset of 3727356741 cycles
[    0.000000] clocksource: kvm-clock: mask: 0xffffffffffffffff max_cycles: 0x1cd42e4dffb, max_idle_ns: 881590591483 ns
[    0.000000] Zone ranges:
[    0.000000]   DMA      [mem 0x0000000000001000-0x0000000000ffffff]
[    0.000000]   DMA32    [mem 0x0000000001000000-0x000000001ffeffff]
[    0.000000]   Normal   empty
[    0.000000]   Device   empty
[    0.000000] Movable zone start for each node
[    0.000000] Early memory node ranges
[    0.000000]   node   0: [mem 0x0000000000001000-0x000000000009efff]
[    0.000000]   node   0: [mem 0x0000000000100000-0x000000001ffeffff]
[    0.000000] Initmem setup node 0 [mem 0x0000000000001000-0x000000001ffeffff]
[    0.000000] ACPI: PM-Timer IO Port: 0x4008
[    0.000000] IOAPIC[0]: apic_id 2, version 32, address 0xfec00000, GSI 0-23
[    0.000000] ACPI: INT_SRC_OVR (bus 0 bus_irq 0 global_irq 2 dfl dfl)
[    0.000000] ACPI: INT_SRC_OVR (bus 0 bus_irq 9 global_irq 9 high level)
[    0.000000] Using ACPI (MADT) for SMP configuration information
[    0.000000] smpboot: Allowing 2 CPUs, 0 hotplug CPUs
[    0.000000] PM: Registered nosave memory: [mem 0x00000000-0x00000fff]
[    0.000000] PM: Registered nosave memory: [mem 0x0009f000-0x0009ffff]
[    0.000000] PM: Registered nosave memory: [mem 0x000a0000-0x000effff]
[    0.000000] PM: Registered nosave memory: [mem 0x000f0000-0x000fffff]
[    0.000000] e820: [mem 0x20000000-0xfebfffff] available for PCI devices
[    0.000000] Booting paravirtualized kernel on KVM
[    0.000000] clocksource: refined-jiffies: mask: 0xffffffff max_cycles: 0xffffffff, max_idle_ns: 7645519600211568 ns
[    0.000000] setup_percpu: NR_CPUS:512 nr_cpumask_bits:512 nr_cpu_ids:2 nr_node_ids:1
[    0.000000] PERCPU: Embedded 33 pages/cpu @ffff88001fc00000 s98264 r8192 d28712 u1048576
[    0.000000] PV qspinlock hash table entries: 256 (order: 0, 4096 bytes)
[    0.000000] Built 1 zonelists in Node order, mobility grouping on.  Total pages: 128889
[    0.000000] Policy zone: DMA32
[    0.000000] Kernel command line: BOOT_IMAGE=/boot/vmlinuz-4.4.0-91-generic root=LABEL=cloudimg-rootfs ro console=tty1 console=ttyS0
[    0.000000] PID hash table entries: 2048 (order: 2, 16384 bytes)
[    0.000000] Memory: 485660K/523832K available (8474K kernel code, 1294K rwdata, 3984K rodata, 1488K init, 1316K bss, 38172K reserved, 0K cma-reserved)
[    0.000000] SLUB: HWalign=64, Order=0-3, MinObjects=0, CPUs=2, Nodes=1
[    0.000000] Hierarchical RCU implementation.
[    0.000000] 	Build-time adjustment of leaf fanout to 64.
[    0.000000] 	RCU restricting CPUs from NR_CPUS=512 to nr_cpu_ids=2.
[    0.000000] RCU: Adjusting geometry for rcu_fanout_leaf=64, nr_cpu_ids=2
[    0.000000] NR_IRQS:33024 nr_irqs:440 16
[    0.000000] Console: colour VGA+ 80x25
[    0.000000] console [tty1] enabled
[    0.000000] console [ttyS0] enabled
[    0.000000] tsc: Detected 1511.998 MHz processor
[    1.971082] Calibrating delay loop (skipped) preset value.. 3023.99 BogoMIPS (lpj=6047992)
[    1.974346] pid_max: default: 32768 minimum: 301
[    1.975883] ACPI: Core revision 20150930
[    1.979613] ACPI: 2 ACPI AML tables successfully acquired and loaded
[    1.982412] Security Framework initialized
[    1.983943] Yama: becoming mindful.
[    1.985184] AppArmor: AppArmor initialized
[    1.986608] Dentry cache hash table entries: 65536 (order: 7, 524288 bytes)
[    1.988865] Inode-cache hash table entries: 32768 (order: 6, 262144 bytes)
[    1.990885] Mount-cache hash table entries: 1024 (order: 1, 8192 bytes)
[    1.993444] Mountpoint-cache hash table entries: 1024 (order: 1, 8192 bytes)
[    1.996783] Initializing cgroup subsys io
[    1.998229] Initializing cgroup subsys memory
[    1.999808] Initializing cgroup subsys devices
[    2.001509] Initializing cgroup subsys freezer
[    2.003129] Initializing cgroup subsys net_cls
[    2.005009] Initializing cgroup subsys perf_event
[    2.006797] Initializing cgroup subsys net_prio
[    2.008470] Initializing cgroup subsys hugetlb
[    2.010174] Initializing cgroup subsys pids
[    2.011910] CPU: Physical Processor ID: 0
[    2.013454] CPU: Processor Core ID: 0
[    2.016415] mce: CPU supports 0 MCE banks
[    2.024910] Last level iTLB entries: 4KB 64, 2MB 8, 4MB 8
[    2.029721] Last level dTLB entries: 4KB 64, 2MB 0, 4MB 0, 1GB 4
[    2.035152] Freeing SMP alternatives memory: 32K (ffffffff820b9000 - ffffffff820c1000)
[    2.074737] ftrace: allocating 32131 entries in 126 pages
[    2.149625] smpboot: APIC(0) Converting physical 0 to logical package 0
[    2.159823] smpboot: Max logical packages: 1
[    2.164070] x2apic enabled
[    2.165426] Switched APIC routing to physical x2apic.
[    2.175745] ..TIMER: vector=0x30 apic1=0 pin1=2 apic2=-1 pin2=-1
[    2.285922] smpboot: CPU0: Intel(R) Core(TM) m3-6Y30 CPU @ 0.90GHz (family: 0x6, model: 0x4e, stepping: 0x3)
[    2.292164] Performance Events: unsupported p6 CPU model 78 no PMU driver, software events only.
[    2.305871] KVM setup paravirtual spinlock
[    2.308515] x86: Booting SMP configuration:
[    2.310079] .... node  #0, CPUs:      #1
[    2.311775] kvm-clock: cpu 1, msr 0:1ffe3041, secondary cpu clock
[    2.321495] mce: CPU supports 0 MCE banks
[    2.325639] x86: Booted up 1 node, 2 CPUs
[    2.333942] smpboot: Total of 2 processors activated (6047.99 BogoMIPS)
[    2.336812] devtmpfs: initialized
[    2.339910] evm: security.selinux
[    2.341146] evm: security.SMACK64
[    2.342579] evm: security.SMACK64EXEC
[    2.343898] evm: security.SMACK64TRANSMUTE
[    2.345554] evm: security.SMACK64MMAP
[    2.346791] evm: security.ima
[    2.347846] evm: security.capability
[    2.349550] clocksource: jiffies: mask: 0xffffffff max_cycles: 0xffffffff, max_idle_ns: 7645041785100000 ns
[    2.352970] futex hash table entries: 512 (order: 3, 32768 bytes)
[    2.355157] pinctrl core: initialized pinctrl subsystem
[    2.357206] RTC time: 20:10:42, date: 11/05/17
[    2.358890] NET: Registered protocol family 16
[    2.370063] cpuidle: using governor ladder
[    2.382080] cpuidle: using governor menu
[    2.389520] PCCT header not found.
[    2.391217] ACPI: bus type PCI registered
[    2.392935] acpiphp: ACPI Hot Plug PCI Controller Driver version: 0.5
[    2.395604] PCI: Using configuration type 1 for base access
[    2.411328] ACPI: Added _OSI(Module Device)
[    2.419642] ACPI: Added _OSI(Processor Device)
[    2.421019] ACPI: Added _OSI(3.0 _SCP Extensions)
[    2.422502] ACPI: Added _OSI(Processor Aggregator Device)
[    2.425089] ACPI: Executed 1 blocks of module-level executable AML code
[    2.431409] ACPI: Interpreter enabled
[    2.438395] ACPI: (supports S0 S5)
[    2.440020] ACPI: Using IOAPIC for interrupt routing
[    2.442092] PCI: Using host bridge windows from ACPI; if necessary, use "pci=nocrs" and report a bug
[    2.452784] ACPI: PCI Root Bridge [PCI0] (domain 0000 [bus 00-ff])
[    2.472787] acpi PNP0A03:00: _OSC: OS supports [ASPM ClockPM Segments MSI]
[    2.475757] acpi PNP0A03:00: _OSC failed (AE_NOT_FOUND); disabling ASPM
[    2.477320] acpi PNP0A03:00: fail to add MMCONFIG information, can't access extended PCI configuration space under this bridge.
[    2.480499] PCI host bridge to bus 0000:00
[    2.481616] pci_bus 0000:00: root bus resource [io  0x0000-0x0cf7 window]
[    2.484769] pci_bus 0000:00: root bus resource [io  0x0d00-0xffff window]
[    2.487219] pci_bus 0000:00: root bus resource [mem 0x000a0000-0x000bffff window]
[    2.489620] pci_bus 0000:00: root bus resource [mem 0x20000000-0xffdfffff window]
[    2.497849] pci_bus 0000:00: root bus resource [bus 00-ff]
[    2.506861] pci 0000:00:01.1: legacy IDE quirk: reg 0x10: [io  0x01f0-0x01f7]
[    2.519160] pci 0000:00:01.1: legacy IDE quirk: reg 0x14: [io  0x03f6]
[    2.520728] pci 0000:00:01.1: legacy IDE quirk: reg 0x18: [io  0x0170-0x0177]
[    2.522535] pci 0000:00:01.1: legacy IDE quirk: reg 0x1c: [io  0x0376]
[    2.552783] pci 0000:00:07.0: quirk: [io  0x4000-0x403f] claimed by PIIX4 ACPI
[    2.566381] pci 0000:00:07.0: quirk: [io  0x4100-0x410f] claimed by PIIX4 SMB
[    2.580541] ACPI: PCI Interrupt Link [LNKA] (IRQs 5 9 10 *11)
[    2.600281] ACPI: PCI Interrupt Link [LNKB] (IRQs 5 9 10 *11)
[    2.609748] ACPI: PCI Interrupt Link [LNKC] (IRQs 5 9 *10 11)
[    2.613374] ACPI: PCI Interrupt Link [LNKD] (IRQs 5 *9 10 11)
[    2.634509] ACPI: Enabled 2 GPEs in block 00 to 07
[    2.640990] vgaarb: setting as boot device: PCI:0000:00:02.0
[    2.644164] vgaarb: device added: PCI:0000:00:02.0,decodes=io+mem,owns=io+mem,locks=none
[    2.646342] vgaarb: loaded
[    2.647233] vgaarb: bridge control possible 0000:00:02.0
[    2.648887] SCSI subsystem initialized
[    2.650103] ACPI: bus type USB registered
[    2.651299] usbcore: registered new interface driver usbfs
[    2.660160] usbcore: registered new interface driver hub
[    2.661864] usbcore: registered new device driver usb
[    2.666823] PCI: Using ACPI for IRQ routing
[    2.678571] NetLabel: Initializing
[    2.679673] NetLabel:  domain hash size = 128
[    2.687444] NetLabel:  protocols = UNLABELED CIPSOv4
[    2.700123] NetLabel:  unlabeled traffic allowed by default
[    2.701969] amd_nb: Cannot enumerate AMD northbridges
[    2.739075] clocksource: Switched to clocksource kvm-clock
[    2.773551] AppArmor: AppArmor Filesystem Enabled
[    2.843788] pnp: PnP ACPI init
[    2.845915] pnp: PnP ACPI: found 3 devices
[    2.866578] clocksource: acpi_pm: mask: 0xffffff max_cycles: 0xffffff, max_idle_ns: 2085701024 ns
[    2.906144] NET: Registered protocol family 2
[    2.942271] TCP established hash table entries: 4096 (order: 3, 32768 bytes)
[    2.944370] TCP bind hash table entries: 4096 (order: 4, 65536 bytes)
[    2.946143] TCP: Hash tables configured (established 4096 bind 4096)
[    2.977075] UDP hash table entries: 256 (order: 1, 8192 bytes)
[    3.064201] UDP-Lite hash table entries: 256 (order: 1, 8192 bytes)
[    3.138984] NET: Registered protocol family 1
[    3.145263] pci 0000:00:00.0: Limiting direct PCI/PCI transfers
[    3.147901] pci 0000:00:01.0: Activating ISA DMA hang workarounds
[    3.154008] Unpacking initramfs...
[    5.963860] Freeing initrd memory: 10836K (ffff88001ed1c000 - ffff88001f7b1000)
[    5.976036] platform rtc_cmos: registered platform RTC device (no PNP device found)
[    5.978995] Scanning for low memory corruption every 60 seconds
[    5.996117] audit: initializing netlink subsys (disabled)
[    6.005902] audit: type=2000 audit(1509912648.855:1): initialized
[    6.009626] Initialise system trusted keyring
[    6.015293] HugeTLB registered 2 MB page size, pre-allocated 0 pages
[    6.020129] zbud: loaded
[    6.028633] VFS: Disk quotas dquot_6.6.0
[    6.030276] VFS: Dquot-cache hash table entries: 512 (order 0, 4096 bytes)
[    6.032955] squashfs: version 4.0 (2009/01/31) Phillip Lougher
[    6.035561] fuse init (API version 7.23)
[    6.037363] Key type big_key registered
[    6.038881] Allocating IMA MOK and blacklist keyrings.
[    6.042964] Key type asymmetric registered
[    6.046323] Asymmetric key parser 'x509' registered
[    6.048184] Block layer SCSI generic (bsg) driver version 0.4 loaded (major 249)
[    6.059474] io scheduler noop registered
[    6.064795] io scheduler deadline registered (default)
[    6.066568] io scheduler cfq registered
[    6.068219] pci_hotplug: PCI Hot Plug PCI Core version: 0.5
[    6.069937] pciehp: PCI Express Hot Plug Controller Driver version: 0.4
[    6.072100] ACPI: AC Adapter [AC] (on-line)
[    6.073523] input: Power Button as /devices/LNXSYSTM:00/LNXPWRBN:00/input/input0
[    6.076040] ACPI: Power Button [PWRF]
[    6.077451] input: Sleep Button as /devices/LNXSYSTM:00/LNXSLPBN:00/input/input1
[    6.080069] ACPI: Sleep Button [SLPF]
[    6.086698] GHES: HEST is not enabled!
[    6.087573] ACPI: Battery Slot [BAT0] (battery present)
[    6.094334] Serial: 8250/16550 driver, 32 ports, IRQ sharing enabled
[    6.120762] 00:02: ttyS0 at I/O 0x3f8 (irq = 4, base_baud = 115200) is a 16550A
[    6.130453] Linux agpgart interface v0.103
[    6.167179] loop: module loaded
[    6.171956] scsi host0: ata_piix
[    6.177547] scsi host1: ata_piix
[    6.182101] ata1: PATA max UDMA/33 cmd 0x1f0 ctl 0x3f6 bmdma 0xd000 irq 14
[    6.188052] ata2: PATA max UDMA/33 cmd 0x170 ctl 0x376 bmdma 0xd008 irq 15
[    6.190631] libphy: Fixed MDIO Bus: probed
[    6.192048] tun: Universal TUN/TAP device driver, 1.6
[    6.193542] tun: (C) 1999-2004 Max Krasnyansky <maxk@qualcomm.com>
[    6.195413] PPP generic driver version 2.4.2
[    6.196796] ehci_hcd: USB 2.0 'Enhanced' Host Controller (EHCI) Driver
[    6.198438] ehci-pci: EHCI PCI platform driver
[    6.199976] ehci-platform: EHCI generic platform driver
[    6.201734] ohci_hcd: USB 1.1 'Open' Host Controller (OHCI) Driver
[    6.203496] ohci-pci: OHCI PCI platform driver
[    6.204928] ohci-platform: OHCI generic platform driver
[    6.206625] uhci_hcd: USB Universal Host Controller Interface driver
[    6.208520] i8042: PNP: PS/2 Controller [PNP0303:PS2K,PNP0f03:PS2M] at 0x60,0x64 irq 1,12
[    6.212527] serio: i8042 KBD port at 0x60,0x64 irq 1
[    6.214834] serio: i8042 AUX port at 0x60,0x64 irq 12
[    6.217586] mousedev: PS/2 mouse device common for all mice
[    6.228476] input: AT Translated Set 2 keyboard as /devices/platform/i8042/serio0/input/input2
[    6.229819] rtc_cmos rtc_cmos: rtc core: registered rtc_cmos as rtc0
[    6.229917] rtc_cmos rtc_cmos: alarms up to one day, 114 bytes nvram
[    6.229930] i2c /dev entries driver
[    6.230107] device-mapper: uevent: version 1.0.3
[    6.230192] device-mapper: ioctl: 4.34.0-ioctl (2015-10-28) initialised: dm-devel@redhat.com
[    6.230224] ledtrig-cpu: registered to indicate activity on CPUs
[    6.239800] NET: Registered protocol family 10
[    6.240039] NET: Registered protocol family 17
[    6.240054] Key type dns_resolver registered
[    6.241244] microcode: CPU0 sig=0x406e3, pf=0x2, revision=0x0
[    6.241258] microcode: CPU1 sig=0x406e3, pf=0x2, revision=0x0
[    6.241323] microcode: Microcode Update Driver: v2.01 <tigran@aivazian.fsnet.co.uk>, Peter Oruba
[    6.241608] registered taskstats version 1
[    6.241630] Loading compiled-in X.509 certificates
[    6.242895] Loaded X.509 cert 'Build time autogenerated kernel key: 0777615d5208f86b8b4bd2fb3aecc97a191f2831'
[    6.242927] zswap: loaded using pool lzo/zbud
[    6.245330] Key type trusted registered
[    6.249391] Key type encrypted registered
[    6.249400] AppArmor: AppArmor sha1 policy hashing enabled
[    6.249404] ima: No TPM chip found, activating TPM-bypass!
[    6.249431] evm: HMAC attrs: 0x1
[    6.249970]   Magic number: 9:145:194
[    6.254057] rtc_cmos rtc_cmos: setting system clock to 2017-11-05 20:10:45 UTC (1509912645)
[    6.254193] BIOS EDD facility v0.16 2004-Jun-25, 0 devices found
[    6.254194] EDD information not available.
[    6.365153] Freeing unused kernel memory: 1488K (ffffffff81f45000 - ffffffff820b9000)
[    6.457722] Write protecting the kernel read-only data: 14336k
[    6.460017] Freeing unused kernel memory: 1752K (ffff88000184a000 - ffff880001a00000)
[    6.492137] Freeing unused kernel memory: 112K (ffff880001de4000 - ffff880001e00000)
Loading, please [    6.512577] random: systemd-udevd: uninitialized urandom read (16 bytes read, 3 bits of entropy available)
wait...
starting version 229
[    6.513450] random: udevadm: uninitialized urandom read (16 bytes read, 3 bits of entropy available)
[    6.513494] random: udevadm: uninitialized urandom read (16 bytes read, 3 bits of entropy available)
[    6.513632] random: udevadm: uninitialized urandom read (16 bytes read, 3 bits of entropy available)
[    6.513684] random: udevadm: uninitialized urandom read (16 bytes read, 3 bits of entropy available)
[    6.513732] random: udevadm: uninitialized urandom read (16 bytes read, 3 bits of entropy available)
[    6.513782] random: udevadm: uninitialized urandom read (16 bytes read, 3 bits of entropy available)
[    6.513827] random: udevadm: uninitialized urandom read (16 bytes read, 3 bits of entropy available)
[    6.513873] random: udevadm: uninitialized urandom read (16 bytes read, 3 bits of entropy available)
[    6.513918] random: udevadm: uninitialized urandom read (16 bytes read, 3 bits of entropy available)
[    6.777765] e1000: Intel(R) PRO/1000 Network Driver - version 7.3.21-k8-NAPI
[    6.801641] e1000: Copyright (c) 1999-2006 Intel Corporation.
[    6.806182] Fusion MPT base driver 3.04.20
[    6.821981] Copyright (c) 1999-2008 LSI Corporation
[    6.834516] Fusion MPT SPI Host driver 3.04.20
[    6.858008] AVX version of gcm_enc/dec engaged.
[    6.866845] AES CTR mode by8 optimization enabled
[    6.975313] tsc: Refined TSC clocksource calibration: 1511.953 MHz
[    6.995978] clocksource: tsc: mask: 0xffffffffffffffff max_cycles: 0x15cb3e404c2, max_idle_ns: 440795247966 ns
[    7.079894] input: ImExPS/2 Generic Explorer Mouse as /devices/platform/i8042/serio1/input/input4
[    7.254729] e1000 0000:00:03.0 eth0: (PCI:33MHz:32-bit) 02:50:7f:03:3f:72
[    7.310536] e1000 0000:00:03.0 eth0: Intel(R) PRO/1000 Network Connection
[    7.710436] e1000 0000:00:08.0 eth1: (PCI:33MHz:32-bit) 08:00:27:d8:f0:0f
[    7.795918] e1000 0000:00:08.0 eth1: Intel(R) PRO/1000 Network Connection
[    7.830079] mptbase: ioc0: Initiating bringup
[    7.830617] e1000 0000:00:08.0 enp0s8: renamed from eth1
[    7.948230] e1000 0000:00:03.0 enp0s3: renamed from eth0
[    8.016196] ioc0: LSI53C1030 A0: Capabilities={Initiator}
[    8.316270] scsi host2: ioc0: LSI53C1030 A0, FwRev=00000000h, Ports=1, MaxQ=256, IRQ=20
[    8.458077] scsi 2:0:0:0: Direct-Access     VBOX     HARDDISK         1.0  PQ: 0 ANSI: 5
[    8.544954] scsi target2:0:0: Beginning Domain Validation
[    8.617044] scsi target2:0:0: Domain Validation skipping write tests
[    8.734459] scsi target2:0:0: Ending Domain Validation
[    8.808030] scsi target2:0:0: asynchronous
[    8.846413] scsi 2:0:1:0: Direct-Access     VBOX     HARDDISK         1.0  PQ: 0 ANSI: 5
[    9.011138] scsi target2:0:1: Beginning Domain Validation
[    9.074583] scsi target2:0:1: Domain Validation skipping write tests
[    9.189129] scsi target2:0:1: Ending Domain Validation
[    9.190760] scsi target2:0:1: asynchronous
[    9.218715] sd 2:0:0:0: Attached scsi generic sg0 type 0
[    9.278404] sd 2:0:0:0: [sda] 20971520 512-byte logical blocks: (10.7 GB/10.0 GiB)
[    9.278606] sd 2:0:1:0: Attached scsi generic sg1 type 0
[    9.278772] sd 2:0:1:0: [sdb] 20480 512-byte logical blocks: (10.5 MB/10.0 MiB)
[    9.278930] sd 2:0:1:0: [sdb] Write Protect is off
[    9.279044] sd 2:0:1:0: [sdb] Incomplete mode parameter data
[    9.279046] sd 2:0:1:0: [sdb] Assuming drive cache: write through
[    9.283013] sd 2:0:1:0: [sdb] Attached SCSI disk
[    9.399337] sd 2:0:0:0: [sda] Write Protect is off
[    9.407648] sd 2:0:0:0: [sda] Incomplete mode parameter data
[    9.427202] sd 2:0:0:0: [sda] Assuming drive cache: write through
[    9.434921]  sda: sda1
[    9.461288] sd 2:0:0:0: [sda] Attached SCSI disk
[    9.887977] floppy0: no floppy controllers found
Begin: Loading e[   11.429252] md: linear personality registered for level -1
ssential drivers ... [   11.440709] md: multipath personality registered for level -4
[   11.453186] md: raid0 personality registered for level 0
[   11.460508] md: raid1 personality registered for level 1
[   11.539146] raid6: sse2x1   gen()  5706 MB/s
[   11.627280] raid6: sse2x1   xor()  3259 MB/s
[   11.699219] raid6: sse2x2   gen()  6778 MB/s
[   11.775407] raid6: sse2x2   xor()  4835 MB/s
[   11.855136] raid6: sse2x4   gen()  7113 MB/s
[   11.923223] raid6: sse2x4   xor()  4684 MB/s
[   11.925987] raid6: using algorithm sse2x4 gen() 7113 MB/s
[   11.929151] raid6: .... xor() 4684 MB/s, rmw enabled
[   11.930836] raid6: using ssse3x2 recovery algorithm
[   11.934624] xor: automatically using best checksumming function:
[   11.983356]    avx       : 14628.000 MB/sec
[   12.002199] async_tx: api initialized (async)
[   12.039248] md: raid6 personality registered for level 6
[   12.126244] md: raid5 personality registered for level 5
[   12.196642] md: raid4 personality registered for level 4
[   12.232896] md: raid10 personality registered for level 10
done.
Begin: Running /scripts/init-premount ... done[   12.315261] Btrfs loaded
.
Begin: Mounting root file system ... Begin: R[   12.380505] EXT4-fs (sda1): mounted filesystem with ordered data mode. Opts: (null)
unning /scripts/local-top ... done.
Begin: Running /scripts/local-premount ... Scanning for Btrfs filesystems
done.
Warning: fsck not present, so skipping root file system
done.
Begin: Running /scripts/local-bottom ... done.
Begin: Running /scripts/init-bottom ... done.
[   12.633508] systemd[1]: systemd 229 running in system mode. (+PAM +AUDIT +SELINUX +IMA +APPARMOR +SMACK +SYSVINIT +UTMP +LIBCRYPTSETUP +GCRYPT +GNUTLS +ACL +XZ -LZ4 +SECCOMP +BLKID +ELFUTILS +KMOD -IDN)
[   12.650899] systemd[1]: Detected virtualization oracle.
[   12.656245] systemd[1]: Detected architecture x86-64.

Welcome to [1mUbuntu 16.04.3 LTS[0m!

[   12.681859] systemd[1]: Set hostname to <ubuntu>.
[   12.705089] systemd[1]: Initializing machine ID from random generator.
[   12.719836] systemd[1]: Installed transient /etc/machine-id file.
[   12.881445] systemd[1]: Created slice User and Session Slice.
[[0;32m  OK  [0m] Created slice User and Session Slice.
[   13.051697] systemd[1]: Created slice System Slice.
[[0;32m  OK  [0m] Created slice System Slice.
[   13.221029] systemd[1]: Reached target Slices.
[[0;32m  OK  [0m] Reached target Slices.
[   13.268513] systemd[1]: Set up automount Arbitrary Executable File Formats File System Automount Point.
[[0;32m  OK  [0m] Set up automount Arbitrary Executab...ats File System Automount Point.
[   13.277308] systemd[1]: Listening on Device-mapper event daemon FIFOs.
[[0;32m  OK  [0m] Listening on Device-mapper event daemon FIFOs.
[   13.472485] systemd[1]: Listening on LVM2 poll daemon socket.
[[0;32m  OK  [0m] Listening on LVM2 poll daemon socket.
[   13.540288] systemd[1]: Listening on udev Control Socket.
[[0;32m  OK  [0m] Listening on udev Control Socket.
[   13.644265] systemd[1]: Listening on /dev/initctl Compatibility Named Pipe.
[[0;32m  OK  [0m] Listening on /dev/initctl Compatibility Named Pipe.
[   13.726283] systemd[1]: Reached target Swap.
[[0;32m  OK  [0m] Reached target Swap.
[   13.734952] systemd[1]: Listening on Journal Socket (/dev/log).
[[0;32m  OK  [0m] Listening on Journal Socket (/dev/log).
[   13.777532] systemd[1]: Started Forward Password Requests to Wall Directory Watch.
[[0;32m  OK  [0m] Started Forward Password Requests to Wall Directory Watch.
[   14.003307] systemd[1]: Listening on Journal Audit Socket.
[[0;32m  OK  [0m] Listening on Journal Audit Socket.
[   14.196648] systemd[1]: Started Trigger resolvconf update for networkd DNS.
[[0;32m  OK  [0m] Started Trigger resolvconf update for networkd DNS.
[   14.293526] systemd[1]: Created slice system-serial\x2dgetty.slice.
[[0;32m  OK  [0m] Created slice system-serial\x2dgetty.slice.
[   14.520977] systemd[1]: Listening on Syslog Socket.
[[0;32m  OK  [0m] Listening on Syslog Socket.
[   14.704457] systemd[1]: Listening on udev Kernel Socket.
[[0;32m  OK  [0m] Listening on udev Kernel Socket.
[   14.803830] systemd[1]: Reached target User and Group Name Lookups.
[[0;32m  OK  [0m] Reached target User and Group Name Lookups.
[   14.928660] systemd[1]: Listening on LVM2 metadata daemon socket.
[[0;32m  OK  [0m] Listening on LVM2 metadata daemon socket.
[   15.068799] systemd[1]: Reached target Encrypted Volumes.
[[0;32m  OK  [0m] Reached target Encrypted Volumes.
[   15.228884] systemd[1]: Listening on Journal Socket.
[[0;32m  OK  [0m] Listening on Journal Socket.
[   15.299435] systemd[1]: Mounting Debug File System...
         Mounting Debug File System...
[   15.403944] systemd[1]: Starting Load Kernel Modules...
[   15.468868] random: nonblocking pool is initialized
         Starting Load Kernel Modules...[   15.528216] Loading iSCSI transport class v2.0-870.

[   15.593092] systemd[1]: Starting Remount Root and Kernel File Systems...
         Starting Remount[   15.628531] EXT4-fs (sda1): re-mounted. Opts: (null)
 Root and Kernel File Systems...
[   15.698751] iscsi: registered transport (tcp)
[   15.759349] systemd[1]: Starting Create list of required static device nodes for the current kernel...
         Starting Create list of required[   15.811065] iscsi: registered transport (iser)
 st... nodes for the current kernel...
[   15.883691] systemd[1]: Mounting Huge Pages File System...
         Mounting Huge Pages File System...
[   15.917319] systemd[1]: Starting Set console keymap...
         Starting Set console keymap...
[   15.944119] systemd[1]: Starting Journal Service...
         Starting Journal Service...
[   15.983676] systemd[1]: Starting Monitoring of LVM2 mirrors, snapshots etc. using dmeventd or progress polling...
         Starting Monitoring of LVM2 mirrors... dmeventd or progress polling...
[   16.002585] systemd[1]: Starting Uncomplicated firewall...
         Starting Uncomplicated firewall...
[   16.059839] systemd[1]: Starting Nameserver information manager...
         Starting Nameserver information manager...
[   16.207617] systemd[1]: Mounting POSIX Message Queue File System...
         Mounting POSIX Message Queue File System...
[   16.244683] systemd[1]: Mounted Huge Pages File System.
[[0;32m  OK  [0m] Mounted Huge Pages File System.
[   16.306215] systemd[1]: Mounted Debug File System.
[[0;32m  OK  [0m] Mounted Debug File System.
[   16.444023] systemd[1]: Mounted POSIX Message Queue File System.
[[0;32m  OK  [0m] Mounted POSIX Message Queue File System.
[   16.649184] systemd[1]: Started Journal Service.
[[0;32m  OK  [0m] Started Journal Service.
[[0;32m  OK  [0m] Started Load Kernel Modules.
[[0;32m  OK  [0m] Started Remount Root and Kernel File Systems.
[[0;32m  OK  [0m] Started Create list of required sta...ce nodes for the current kernel.
[[0;32m  OK  [0m] Started Set console keymap.
[[0;32m  OK  [0m] Started Uncomplicated firewall.
[[0;32m  OK  [0m] Started Nameserver information manager.
[[0;32m  OK  [0m] Started LVM2 metadata daemon.
         Starting Create Static Device Nodes in /dev...
         Starting udev Coldplug all Devices...
         Starting Load/Save Random Seed...
         Starting Initial cloud-init job (pre-networking)...
         Starting Apply Kernel Variables...
         Mounting FUSE Control File System...
         Starting Flush Journal to Persistent Storage...
[[0;32m  OK  [0m] Mounted FUSE Control File System.
[[0;32m  OK  [0m] Started Create Static Device Nodes in /dev.
[[0;32m  OK  [0m] Started Load/Save Random Seed.
[[0;32m  OK  [0m] Started Apply Kernel Variables.
[[0;32m  OK  [0m] Started udev Coldplug all Devices.
[[0;32m  OK  [0m] Started Flush Journal to Persistent Storage.
         Starting udev Kernel Device Manager...
[[0;32m  OK  [0m] Started Monitoring of LVM2 mirrors,...ng dmeventd or progress polling.
[[0;32m  OK  [0m] Started udev Kernel Device Manager.
[[0;32m  OK  [0m] Started Dispatch Password Requests to Console Directory Watch.
[[0;32m  OK  [0m] Reached target Local File Systems (Pre).
[[0;32m  OK  [0m] Reached target Local File Systems.
         Starting Create Volatile Files and Directories...
         Starting LSB: AppArmor initialization...
         Starting Set console font and keymap...
         Starting Commit a transient machine-id on disk...
         Starting Tell Plymouth To Write Out Runtime Data...
[[0;32m  OK  [0m] Started Create Volatile Files and Directories.
[[0;32m  OK  [0m] Started Commit a transient machine-id on disk.
[[0;32m  OK  [0m] Started Tell Plymouth To Write Out Runtime Data.
         Starting Update UTMP about System Boot/Shutdown...
[[0;32m  OK  [0m] Reached target System Time Synchronized.
[[0;32m  OK  [0m] Started Update UTMP about System Boot/Shutdown.
[[0;32m  OK  [0m] Found device /dev/ttyS0.
[[0;32m  OK  [0m] Listening on Load/Save RF Kill Switch Status /dev/rfkill Watch.
[   16.868303] cloud-init[452]: Cloud-init v. 0.7.9 running 'init-local' at Sun, 05 Nov 2017 20:10:57 +0000. Up 16.23 seconds.
[[0;32m  OK  [0m] Started Initial cloud-init job (pre-networking).
[[0;32m  OK  [0m] Started LSB: AppArmor initialization.
[[0;32m  OK  [0m] Reached target Network (Pre).
         Starting Raise network interfaces...
[[0;32m  OK  [0m] Started Set console font and keymap.
[[0;32m  OK  [0m] Created slice system-getty.slice.
[[0;32m  OK  [0m] Started Raise network interfaces.
[[0;32m  OK  [0m] Reached target Network.
         Starting Initial cloud-init job (metadata service crawler)...
[   20.017319] cloud-init[943]: Cloud-init v. 0.7.9 running 'init' at Sun, 05 Nov 2017 20:11:00 +0000. Up 19.33 seconds.
[[0;32m  OK  [0m] Started Initial cloud-init job (metadata service crawler).
[   20.146261] cloud-init[943]: ci-info: ++++++++++++++++++++++++++++++++++++++Net device info++++++++++++++++++++++++++++++++++++++
[   20.256842] cloud-init[943]: ci-info: +--------+-------+----------------------------+---------------+-------+-------------------+
[   20.257399] cloud-init[943]: ci-info: | Device |   Up  |          Address           |      Mask     | Scope |     Hw-Address    |
[[0;32m  OK  [0m] Reached target System Initialization.
[   20.257604] cloud-init[943]: ci-info: +--------+-------+----------------------------+---------------+-------+-------------------+
         Starting Socket activation for snappy daemon.
[   20.650007] cloud-init[943]: ci-info: |   lo   |  True |         127.0.0.1          |   255.0.0.0   |   .   |         .         |
[   20.741723] cloud-init[943]: ci-info: |   lo   |  True |          ::1/128           |       .       |  host |         .         |
[   20.743123] cloud-init[943]: ci-info: | enp0s8 | False |             .              |       .       |   .   | 08:00:27:d8:f0:0f |
[[0;32m  OK  [0m] Listening on ACPID Listen Socket.
[   20.743840] cloud-init[943]: ci-info: | enp0s3 |  True |         10.0.2.15          | 255.255.255.0 |   .   | 02:50:7f:03:3f:72 |
[   21.042417] cloud-init[943]: ci-info: | enp0s3 |  True | fe80::50:7fff:fe03:3f72/64 |       .       |  link | 02:50:7f:03:3f:72 |
[   21.043557] cloud-init[943]: ci-info: +--------+-------+----------------------------+---------------+-------+-------------------+
[[0;32m  OK  [0m] Started Timer to automatically refresh installed snaps.
[   21.044783] cloud-init[943]: ci-info: +++++++++++++++++++++++++++Route IPv4 info++++++++++++++++++++++++++++
[   21.274531] cloud-init[943]: ci-info: +-------+-------------+----------+---------------+-----------+-------+
[[0;32m  OK  [0m] Listening on UUID daemon activation socket.
[   21.275229] cloud-init[943]: ci-info: | Route | Destination | Gateway  |    Genmask    | Interface | Flags |
[   21.430895] cloud-init[943]: ci-info: +-------+-------------+----------+---------------+-----------+-------+
[[0;32m  OK  [0m] Started Daily Cleanup of Temporary Directories.
[   21.431657] cloud-init[943]: ci-info: |   0   |   0.0.0.0   | 10.0.2.2 |    0.0.0.0    |   enp0s3  |   UG  |
         [   21.779022] Starting LXD - unix socket.cloud-init
[943]: ci-info: |   1   |   10.0.2.0  | 0.0.0.0  | 255.255.255.0 |   enp0s3  |   U   |
[   21.884564] cloud-init[943]: ci-info: +-------+-------------+----------+---------------+-----------+-------+
[   21.885037] cloud-init[943]: Generating public/private rsa key pair.
[[0;32m  OK  [0m] Listening on D-Bus System Message Bus Socket.
[   21.885205] cloud-init[943]: Your identification has been saved in /etc/ssh/ssh_host_rsa_key.
[   22.213654] cloud-init[943]: Your public key has been saved in /etc/ssh/ssh_host_rsa_key.pub.
[   22.215489] cloud-init[943]: The key fingerprint is:
[[0;32m  OK  [0m] Started ACPI Events Check.
[[   22.216531] cloud-init[943]: SHA256:+tOHIQ698Zi0iXIV6+w9F5vDD7PUVOs1trF2ncIvA7Y root@ubuntu-xenial
[   22.299252] cloud-init[943]: The key's randomart image is:
[0;32m  OK  [0m] Reached target Paths.
[   22.299413] cloud-init[943]: +---[RSA 2048]----+
[   22.422643] cloud-init[943]: |                 |
[[0;32m  OK  [0m] Reached target Cloud-config availability.
[[   22.423446] cloud-init[943]: |                 |
[   22.449102] cloud-init[943]: |                .|
[0;32m  OK  [0m] Reached target Network is Online.
[[   22.449585] cloud-init[943]: |        .      ..|
[   22.488681] cloud-init[943]: |       .So    .=.|
[0;32m  OK  [0m] Started Daily apt download activities.
[   22.488843] cloud-init[943]: |      ..B .oooo O|
[   22.564969] cloud-init[943]: |      .O @.+**.*o|
[[0;32m  OK  [0m] Started Daily apt upgrade and clean activities.
[[   22.565160] cloud-init[943]: |    . o.@.=EB*+ .|
[   22.736387] cloud-init[943]: |     o .o..+.o+. |
[   22.737073] cloud-init[943]: +----[SHA256]-----+
[0;32m  OK  [0m] Reached target Timers.
[   22.738075] cloud-init[943]: Generating public/private dsa key pair.
[   22.893018] cloud-init[943]: Your identification has been saved in /etc/ssh/ssh_host_dsa_key.
[   22.981740]          cloud-initStarting iSCSI initiator daemon (iscsid)...[943]: 
Your public key has been saved in /etc/ssh/ssh_host_dsa_key.pub.
[   23.089216] [cloud-init[0;32m  OK  [0m[943]: ] The key fingerprint is:Listening on Socket activation for snappy daemon.

[   23.200764] [cloud-init[0;32m  OK  [0m[943]: ] SHA256:qxPga9bYTb3PURiR5mGQZg2w7xcUCGu2oALx13muWCg root@ubuntu-xenialListening on LXD - unix socket.

[   23.203651] cloud-init[943]: The key's randomart image is:
[   23.420601] [cloud-init[0;32m  OK  [0m[943]: ] +---[DSA 1024]----+Started iSCSI initiator daemon (iscsid).

[   23.422539] cloud-init[943]: |.       ooo*o.   |
[   23.525007] cloud-init[943]: | o   . . o= *o   |
[   23.544715] cloud-init[943]: |. . . + *o +o.   |
[   23.568544] cloud-init[943]: | . ..o * o ..o   |
         Starting Login to default iSCSI targets...
[[0;32m  OK  [0m] Reached target Sockets.
[[0;32m  OK  [0m] Reached target Basic System.
[   23.607750] cloud-init[943]: |  E.o.. S.. o .  |
[   23.826071] cloud-init[943]: |   o.o...o.  o   |
         Starting Accounts Service...
[   23.828632] cloud-init[943]: |    .=.+. ..o    |
         Starting LSB: MD monitoring daemon...
[   23.903030] cloud-init[943]: |    = +.. .o .   |
[   24.038325] cloud-init[943]: |   o  ..   .o    |
[[0;32m  OK  [0m] Started FUSE filesystem for LXC.
[   24.041571] cloud-init[943]: +----[SHA256]-----+
[   24.154040] [cloud-init[0;32m  OK  [0m[943]: ] Generating public/private ecdsa key pair.Started Regular background program processing daemon.

[   24.286191] cloud-init[943]: Your identification has been saved in /etc/ssh/ssh_host_ecdsa_key.
         Starting /etc/rc.local Compatibility...
[   24.289082] cloud-init[943]: Your public key has been saved in /etc/ssh/ssh_host_ecdsa_key.pub.
[   24.520542] cloud-init[943]: The key fingerprint is:
[   24.520673] cloud-init[943]: SHA256:GlKCj4ONkEsDUn2H8K8GhTBHTUJwaoaaEGus743CJQ4 root@ubuntu-xenial
[   24.521022] cloud-init[943]: The key's randomart image is:
[   24.521086] cloud-init[943]: +---[ECDSA 256]---+
[   24.521145] cloud-init[943]: |+.==B+..         |
[   24.521203] cloud-init[943]: |+= B.++ .        |
[   24.521260] cloud-init[943]: |*== o.+.         |
[   24.521316] cloud-init[943]: |BO.o + .         |
[   24.521372] cloud-init[943]: |B + + . S        |
[   24.521429] cloud-init[943]: |Eo o o +         |
[   24.521495] cloud-init[943]: |+ +   +          |
[   24.521555] cloud-init[943]: |.+ o .           |
[   24.521611] cloud-init[943]: | .o .            |
[   24.521668] cloud-init[943]: +----[SHA256]-----+
[   24.521791] cloud-init[943]: Generating public/private ed25519 key pair.
[   24.521862] cloud-init[943]: Your identification has been saved in /etc/ssh/ssh_host_ed25519_key.
[   24.521924] cloud-init[943]: Your public key has been saved in /etc/ssh/ssh_host_ed25519_key.pub.
[   24.521982] cloud-init[943]: The key fingerprint is:
[   24.522039] cloud-init[943]: SHA256:dLVKRRvhnigFUSUiGD8k/KakawyCftQ0y0O+rXZoNXs root@ubuntu-xenial
[   24.522095] cloud-init[943]: The key's randomart image is:
[   24.522151] cloud-init[943]: +--[ED25519 256]--+
[   24.522209] cloud-init[943]: |   .ooo +oooB.   |
[   24.522271] cloud-init[943]: |    o+ . o = +   |
[   24.522329] cloud-init[943]: |     .o . + +    |
[   24.522385] cloud-init[943]: |    .+oo + + .   |
[   24.522441] cloud-init[943]: |.  o*oo S o o    |
[   24.522498] cloud-init[943]: |+ ...* o .       |
[   24.522554] cloud-init[943]: |oo..  * o        |
[   24.522609] cloud-init[943]: | .+. = + E       |
[   24.523104] cloud-init[943]: | .. o.o .        |
[   24.523171] cloud-init[943]: +----[SHA256]-----+
         Starting Apply the settings specified in cloud-config...
         Starting Pollinate to seed the pseudo random number generator...
[[0;32m  OK  [0m] Started Unattended Upgrades Shutdown.
         Starting LXD - container startup/shutdown...
         Starting LSB: Record successful boot for GRUB...
         Starting Login Service...
[   25.137553] cloud-init[1065]: Generating locales (this might take a while)...
         Starting System Logging Service...
[[0;32m  OK  [0m] Started ACPI event daemon.
[[0;32m  OK  [0m] Started Deferred execution scheduler.
[[0;32m  OK  [0m] Started D-Bus System Message Bus.
[[0;32m  OK  [0m] Started Snappy daemon.
         Starting Auto import assertions from block devices...
[[0;32m  OK  [0m] Started System Logging Service.
[[0;32m  OK  [0m] Started /etc/rc.local Compatibility.
[[0;32m  OK  [0m] Started LXD - container startup/shutdown.
[[0;32m  OK  [0m] Started Auto import assertions from block devices.
[[0;32m  OK  [0m] Started Login to default iSCSI targets.
[[0;32m  OK  [0m] Started LSB: MD monitoring daemon.
[[0;32m  OK  [0m] Started Pollinate to seed the pseudo random number generator.
[[0;32m  OK  [0m] Started LSB: Record successful boot for GRUB.
[[0;32m  OK  [0m] Started Login Service.
         Starting Authenticate and Authorize Users to Run Privileged Tasks...
         Starting OpenBSD Secure Shell server...
[[0;32m  OK  [0m] Reached target Remote File Systems (Pre).
[[0;32m  OK  [0m] Reached target Remote File Systems.
         Starting LSB: Set the CPU Frequency Scaling governor to "ondemand"...
         Starting LSB: daemon to balance interrupts for SMP systems...
         Starting LSB: automatic crash report generation...
         Starting Permit User Sessions...
         Starting LSB: VirtualBox Linux Additions...
[[0;32m  OK  [0m] Started OpenBSD Secure Shell server.
[[0;32m  OK  [0m] Started Permit User Sessions.
[[0;32m  OK  [0m] Started Authenticate and Authorize Users to Run Privileged Tasks.
[[0;32m  OK  [0m] Started Accounts Service.
         Starting Hold until boot process finishes up...
         Starting Terminate Plymouth Boot Screen...
[[0;32m  OK  [0m] Started LSB: Set the CPU Frequency Scaling governor to "ondemand".
[[0;32m  OK  [0m] Started LSB: daemon to balance interrupts for SMP systems.
[[0;32m  OK  [0m] Started LSB: automatic crash report generation.
[[0;32m  OK  [0m] Started LSB: VirtualBox Linux Additions.
[[0;32m  OK  [0m] Started Hold until boot process finishes up.
[[0;32m  OK  [0m] Started Terminate Plymouth Boot Screen.
[[0;32m  OK  [0m] Started Serial Getty on ttyS0.
[[0;32m  OK  [0m] Started Getty on tty1.
[[0;32m  OK  [0m] Reached target Login Prompts.
         Starting Set console scheme...
[[0;32m  OK  [0m] Reached target Multi-User System.
[[0;32m  OK  [0m] Reached target Graphical Interface.
         Starting Update UTMP about System Runlevel Changes...
[[0;32m  OK  [0m] Started Set console scheme.
[[0;32m  OK  [0m] Started Update UTMP about System Runlevel Changes.
[   26.809717] cloud-init[1065]:   en_US.UTF-8... done
[   26.813546] cloud-init[1065]: Generation complete.
         Stopping OpenBSD Secure Shell server...
[[0;32m  OK  [0m] Stopped OpenBSD Secure Shell server.
         Starting OpenBSD Secure Shell server...
[[0;32m  OK  [0m] Started OpenBSD Secure Shell server.
[   27.409539] cloud-init[1065]: Cloud-init v. 0.7.9 running 'modules:config' at Sun, 05 Nov 2017 20:11:06 +0000. Up 24.93 seconds.
[[0;32m  OK  [0m] Started Apply the settings specified in cloud-config.
         Starting Execute cloud user/final scripts...
ci-info: no authorized ssh keys fingerprints found for user ubuntu.
<14>Nov  5 20:11:09 ec2: 
<14>Nov  5 20:11:09 ec2: #############################################################
<14>Nov  5 20:11:09 ec2: -----BEGIN SSH HOST KEY FINGERPRINTS-----
<14>Nov  5 20:11:09 ec2: 1024 SHA256:qxPga9bYTb3PURiR5mGQZg2w7xcUCGu2oALx13muWCg root@ubuntu-xenial (DSA)
<14>Nov  5 20:11:09 ec2: 256 SHA256:GlKCj4ONkEsDUn2H8K8GhTBHTUJwaoaaEGus743CJQ4 root@ubuntu-xenial (ECDSA)
<14>Nov  5 20:11:09 ec2: 256 SHA256:dLVKRRvhnigFUSUiGD8k/KakawyCftQ0y0O+rXZoNXs root@ubuntu-xenial (ED25519)
<14>Nov  5 20:11:09 ec2: 2048 SHA256:+tOHIQ698Zi0iXIV6+w9F5vDD7PUVOs1trF2ncIvA7Y root@ubuntu-xenial (RSA)
<14>Nov  5 20:11:09 ec2: -----END SSH HOST KEY FINGERPRINTS-----
<14>Nov  5 20:11:09 ec2: #############################################################
-----BEGIN SSH HOST KEY KEYS-----
ecdsa-sha2-nistp256 AAAAE2VjZHNhLXNoYTItbmlzdHAyNTYAAAAIbmlzdHAyNTYAAABBBHLVYrN3f/GZIGhx8VxngMMsn5285Imtr89CF771OGx+V87PAGJhuv/bwcr1K78tOOFg/KZj+JP/Y4/NcpMUnvk= root@ubuntu-xenial
ssh-ed25519 AAAAC3NzaC1lZDI1NTE5AAAAIOeLHY40rOwiuzuMwmFm57CK0zLB1vEfmpDKpFQv7Nwd root@ubuntu-xenial
ssh-rsa AAAAB3NzaC1yc2EAAAADAQABAAABAQCoH+ywXhW1PWLNbIUqqc47Y1dclo20mA7tNC/gClvZcwxgfZsGv20Z9j1Fh6WhoMoIrTtcgWoM6Cgy2+bELuk5Z0rjrxoExVibW9+Lz8zA21e4E7HSHwJEeXy1DZEnkf5Cbe/t+iRGTj1Kj6hgnSLk77HUzWBRyLqwGLhWEaa0SY05FRrAMNZiLJwm18U0ZLRhpzQNn5MfSFhxAAXoBhZyVThJksagz+a/GJ50E1KLSZ0MFkrMEetnRJcWuPcPL9L1QnC7Z4ThX3rKFDwo8PWXWg/AjTXVKyw81A3yjdqvysLrZbGNzjsd1uDhlGKpb3DiqumxQSE3LF4dhsAekDsz root@ubuntu-xenial
-----END SSH HOST KEY KEYS-----
[   28.196177] cloud-init[1320]: Cloud-init v. 0.7.9 running 'modules:final' at Sun, 05 Nov 2017 20:11:09 +0000. Up 27.92 seconds.
[   28.201843] cloud-init[1320]: ci-info: no authorized ssh keys fingerprints found for user ubuntu.
[   28.214500] cloud-init[1320]: Cloud-init v. 0.7.9 finished at Sun, 05 Nov 2017 20:11:09 +0000. Datasource DataSourceNoCloud [seed=/dev/sdb][dsmode=net].  Up 28.18 seconds
[[0;32m  OK  [0m] Started Execute cloud user/final scripts.
[[0;32m  OK  [0m] Reached target Cloud-init target.

Ubuntu 16.04.3 LTS ubuntu-xenial ttyS0

ubuntu-xenial login: 