[    0.000000] Initializing cgroup subsys cpuset
[    0.000000] Initializing cgroup subsys cpu
[    0.000000] Initializing cgroup subsys cpuacct
[    0.000000] Linux version 4.4.0-91-generic (buildd@lcy01-11) (gcc version 5.4.0 20160609 (Ubuntu 5.4.0-6ubuntu1~16.04.4) ) #114-Ubuntu SMP Tue Aug 8 11:56:56 UTC 2017 (Ubuntu 4.4.0-91.114-generic 4.4.76)
[    0.000000] Command line: BOOT_IMAGE=/boot/vmlinuz-4.4.0-91-generic root=LABEL=cloudimg-rootfs ro console=tty1 console=ttyS0
[    0.000000] KERNEL supported cpus:
[    0.000000]   Intel GenuineIntel
[    0.000000]   AMD AuthenticAMD
[    0.000000]   Centaur CentaurHauls
[    0.000000] ------------[ cut here ]------------
[    0.000000] WARNING: CPU: 0 PID: 0 at /build/linux-Nq9dsd/linux-4.4.0/arch/x86/kernel/fpu/xstate.c:517 fpu__init_system_xstate+0x38b/0x75a()
[    0.000000] XSAVE consistency problem, dumping leaves
[    0.000000] Modules linked in:
[    0.000000] CPU: 0 PID: 0 Comm: swapper Not tainted 4.4.0-91-generic #114-Ubuntu
[    0.000000]  0000000000000086 f25b3f8203628e01 ffffffff81e03d80 ffffffff813f9c83
[    0.000000]  ffffffff81e03dc8 ffffffff81caa208 ffffffff81e03db8 ffffffff81081312
[    0.000000]  ffffffff81e03e48 ffffffff81e03e4c 0000000000000008 0000000000000100
[    0.000000] Call Trace:
[    0.000000]  [<ffffffff813f9c83>] dump_stack+0x63/0x90
[    0.000000]  [<ffffffff81081312>] warn_slowpath_common+0x82/0xc0
[    0.000000]  [<ffffffff810813ac>] warn_slowpath_fmt+0x5c/0x80
[    0.000000]  [<ffffffff8107d020>] ? xfeature_size+0x59/0x77
[    0.000000]  [<ffffffff81f6d206>] fpu__init_system_xstate+0x38b/0x75a
[    0.000000]  [<ffffffff81f5d120>] ? early_idt_handler_array+0x120/0x120
[    0.000000]  [<ffffffff81f6cb71>] fpu__init_system+0x10d/0x245
[    0.000000]  [<ffffffff81f6dc7a>] early_cpu_init+0x139/0x13e
[    0.000000]  [<ffffffff81f6dc7a>] ? early_cpu_init+0x139/0x13e
[    0.000000]  [<ffffffff81f69181>] setup_arch+0xb4/0xcf1
[    0.000000]  [<ffffffff81f5d120>] ? early_idt_handler_array+0x120/0x120
[    0.000000]  [<ffffffff81f5dc74>] start_kernel+0xe4/0x4a2
[    0.000000]  [<ffffffff81f5d120>] ? early_idt_handler_array+0x120/0x120
[    0.000000]  [<ffffffff81f5d339>] x86_64_start_reservations+0x2a/0x2c
[    0.000000]  [<ffffffff81f5d485>] x86_64_start_kernel+0x14a/0x16d
[    0.000000] ---[ end trace 4d5ff9f2f68c4233 ]---
[    0.000000] CPUID[0d, 00]: eax=00000007 ebx=00000440 ecx=00000440 edx=00000000
[    0.000000] CPUID[0d, 01]: eax=00000000 ebx=000003c0 ecx=00000000 edx=00000000
[    0.000000] CPUID[0d, 02]: eax=00000100 ebx=00000240 ecx=00000000 edx=00000000
[    0.000000] CPUID[0d, 03]: eax=00000000 ebx=00000000 ecx=00000000 edx=00000000
[    0.000000] CPUID[0d, 04]: eax=00000000 ebx=00000000 ecx=00000000 edx=00000000
[    0.000000] CPUID[0d, 05]: eax=00000000 ebx=00000000 ecx=00000000 edx=00000000
[    0.000000] CPUID[0d, 06]: eax=00000000 ebx=00000000 ecx=00000000 edx=00000000
[    0.000000] CPUID[0d, 07]: eax=00000000 ebx=00000000 ecx=00000000 edx=00000000
[    0.000000] CPUID[0d, 08]: eax=00000000 ebx=00000000 ecx=00000000 edx=00000000
[    0.000000] CPUID[0d, 09]: eax=00000000 ebx=00000000 ecx=00000000 edx=00000000
[    0.000000] CPUID[0d, 0a]: eax=00000000 ebx=00000000 ecx=00000000 edx=00000000
[    0.000000] CPUID[0d, 0b]: eax=00000000 ebx=00000000 ecx=00000000 edx=00000000
[    0.000000] CPUID[0d, 0c]: eax=00000000 ebx=00000000 ecx=00000000 edx=00000000
[    0.000000] CPUID[0d, 0d]: eax=00000000 ebx=00000000 ecx=00000000 edx=00000000
[    0.000000] CPUID[0d, 0e]: eax=00000000 ebx=00000000 ecx=00000000 edx=00000000
[    0.000000] CPUID[0d, 0f]: eax=00000000 ebx=00000000 ecx=00000000 edx=00000000
[    0.000000] CPUID[0d, 10]: eax=00000000 ebx=00000000 ecx=00000000 edx=00000000
[    0.000000] CPUID[0d, 11]: eax=00000000 ebx=00000000 ecx=00000000 edx=00000000
[    0.000000] x86/fpu: xstate_offset[2]:  576, xstate_sizes[2]:  256
[    0.000000] x86/fpu: Supporting XSAVE feature 0x01: 'x87 floating point registers'
[    0.000000] x86/fpu: Supporting XSAVE feature 0x02: 'SSE registers'
[    0.000000] x86/fpu: Supporting XSAVE feature 0x04: 'AVX registers'
[    0.000000] x86/fpu: Enabled xstate features 0x7, context size is 1088 bytes, using 'standard' format.
[    0.000000] x86/fpu: Using 'lazy' FPU context switches.
[    0.000000] e820: BIOS-provided physical RAM map:
[    0.000000] BIOS-e820: [mem 0x0000000000000000-0x000000000009fbff] usable
[    0.000000] BIOS-e820: [mem 0x000000000009fc00-0x000000000009ffff] reserved
[    0.000000] BIOS-e820: [mem 0x00000000000f0000-0x00000000000fffff] reserved
[    0.000000] BIOS-e820: [mem 0x0000000000100000-0x00000000c17effff] usable
[    0.000000] BIOS-e820: [mem 0x00000000c17f0000-0x00000000c17fffff] ACPI data
[    0.000000] BIOS-e820: [mem 0x00000000fec00000-0x00000000fec00fff] reserved
[    0.000000] BIOS-e820: [mem 0x00000000fee00000-0x00000000fee00fff] reserved
[    0.000000] BIOS-e820: [mem 0x00000000fffc0000-0x00000000ffffffff] reserved
[    0.000000] NX (Execute Disable) protection: active
[    0.000000] SMBIOS 2.5 present.
[    0.000000] Hypervisor detected: KVM
[    0.000000] e820: last_pfn = 0xc17f0 max_arch_pfn = 0x400000000
[    0.000000] MTRR: Disabled
[    0.000000] x86/PAT: MTRRs disabled, skipping PAT initialization too.
[    0.000000] x86/PAT: Configuration [0-7]: WB  WT  UC- UC  WB  WT  UC- UC  
[    0.000000] CPU MTRRs all blank - virtualized system.
[    0.000000] found SMP MP-table at [mem 0x0009fff0-0x0009ffff] mapped at [ffff88000009fff0]
[    0.000000] Scanning 1 areas for low memory corruption
[    0.000000] RAMDISK: [mem 0x36ac6000-0x3755afff]
[    0.000000] ACPI: Early table checksum verification disabled
[    0.000000] ACPI: RSDP 0x00000000000E0000 000024 (v02 VBOX  )
[    0.000000] ACPI: XSDT 0x00000000C17F0030 00003C (v01 VBOX   VBOXXSDT 00000001 ASL  00000061)
[    0.000000] ACPI: FACP 0x00000000C17F00F0 0000F4 (v04 VBOX   VBOXFACP 00000001 ASL  00000061)
[    0.000000] ACPI: DSDT 0x00000000C17F0470 0021C8 (v02 VBOX   VBOXBIOS 00000002 INTL 20100528)
[    0.000000] ACPI: FACS 0x00000000C17F0200 000040
[    0.000000] ACPI: FACS 0x00000000C17F0200 000040
[    0.000000] ACPI: APIC 0x00000000C17F0240 00005C (v02 VBOX   VBOXAPIC 00000001 ASL  00000061)
[    0.000000] ACPI: SSDT 0x00000000C17F02A0 0001CC (v01 VBOX   VBOXCPUT 00000002 INTL 20100528)
[    0.000000] No NUMA configuration found
[    0.000000] Faking a node at [mem 0x0000000000000000-0x00000000c17effff]
[    0.000000] NODE_DATA(0) allocated [mem 0xc17eb000-0xc17effff]
[    0.000000] kvm-clock: Using msrs 4b564d01 and 4b564d00
[    0.000000] kvm-clock: cpu 0, msr 0:c17e3001, primary cpu clock
[    0.000000] kvm-clock: using sched offset of 3274373629 cycles
[    0.000000] clocksource: kvm-clock: mask: 0xffffffffffffffff max_cycles: 0x1cd42e4dffb, max_idle_ns: 881590591483 ns
[    0.000000] Zone ranges:
[    0.000000]   DMA      [mem 0x0000000000001000-0x0000000000ffffff]
[    0.000000]   DMA32    [mem 0x0000000001000000-0x00000000c17effff]
[    0.000000]   Normal   empty
[    0.000000]   Device   empty
[    0.000000] Movable zone start for each node
[    0.000000] Early memory node ranges
[    0.000000]   node   0: [mem 0x0000000000001000-0x000000000009efff]
[    0.000000]   node   0: [mem 0x0000000000100000-0x00000000c17effff]
[    0.000000] Initmem setup node 0 [mem 0x0000000000001000-0x00000000c17effff]
[    0.000000] ACPI: PM-Timer IO Port: 0x4008
[    0.000000] IOAPIC[0]: apic_id 2, version 32, address 0xfec00000, GSI 0-23
[    0.000000] ACPI: INT_SRC_OVR (bus 0 bus_irq 0 global_irq 2 dfl dfl)
[    0.000000] ACPI: INT_SRC_OVR (bus 0 bus_irq 9 global_irq 9 high level)
[    0.000000] Using ACPI (MADT) for SMP configuration information
[    0.000000] smpboot: Allowing 2 CPUs, 0 hotplug CPUs
[    0.000000] PM: Registered nosave memory: [mem 0x00000000-0x00000fff]
[    0.000000] PM: Registered nosave memory: [mem 0x0009f000-0x0009ffff]
[    0.000000] PM: Registered nosave memory: [mem 0x000a0000-0x000effff]
[    0.000000] PM: Registered nosave memory: [mem 0x000f0000-0x000fffff]
[    0.000000] e820: [mem 0xc1800000-0xfebfffff] available for PCI devices
[    0.000000] Booting paravirtualized kernel on KVM
[    0.000000] clocksource: refined-jiffies: mask: 0xffffffff max_cycles: 0xffffffff, max_idle_ns: 7645519600211568 ns
[    0.000000] setup_percpu: NR_CPUS:512 nr_cpumask_bits:512 nr_cpu_ids:2 nr_node_ids:1
[    0.000000] PERCPU: Embedded 33 pages/cpu @ffff8800c1200000 s98264 r8192 d28712 u1048576
[    0.000000] PV qspinlock hash table entries: 256 (order: 0, 4096 bytes)
[    0.000000] Built 1 zonelists in Node order, mobility grouping on.  Total pages: 780057
[    0.000000] Policy zone: DMA32
[    0.000000] Kernel command line: BOOT_IMAGE=/boot/vmlinuz-4.4.0-91-generic root=LABEL=cloudimg-rootfs ro console=tty1 console=ttyS0
[    0.000000] PID hash table entries: 4096 (order: 3, 32768 bytes)
[    0.000000] Memory: 3088656K/3169848K available (8474K kernel code, 1294K rwdata, 3984K rodata, 1488K init, 1316K bss, 81192K reserved, 0K cma-reserved)
[    0.000000] SLUB: HWalign=64, Order=0-3, MinObjects=0, CPUs=2, Nodes=1
[    0.000000] Hierarchical RCU implementation.
[    0.000000] 	Build-time adjustment of leaf fanout to 64.
[    0.000000] 	RCU restricting CPUs from NR_CPUS=512 to nr_cpu_ids=2.
[    0.000000] RCU: Adjusting geometry for rcu_fanout_leaf=64, nr_cpu_ids=2
[    0.000000] NR_IRQS:33024 nr_irqs:440 16
[    0.000000] Console: colour VGA+ 80x25
[    0.000000] console [tty1] enabled
[    0.000000] console [ttyS0] enabled
[    0.000000] tsc: Detected 1511.998 MHz processor
[    4.347822] Calibrating delay loop (skipped) preset value.. 3023.99 BogoMIPS (lpj=6047992)
[    4.355391] pid_max: default: 32768 minimum: 301
[    4.364481] ACPI: Core revision 20150930
[    4.369918] ACPI: 2 ACPI AML tables successfully acquired and loaded
[    4.373685] Security Framework initialized
[    4.375788] Yama: becoming mindful.
[    4.378565] AppArmor: AppArmor initialized
[    4.381769] Dentry cache hash table entries: 524288 (order: 10, 4194304 bytes)
[    4.389529] Inode-cache hash table entries: 262144 (order: 9, 2097152 bytes)
[    4.393849] Mount-cache hash table entries: 8192 (order: 4, 65536 bytes)
[    4.398078] Mountpoint-cache hash table entries: 8192 (order: 4, 65536 bytes)
[    4.401795] Initializing cgroup subsys io
[    4.406892] Initializing cgroup subsys memory
[    4.412087] Initializing cgroup subsys devices
[    4.413604] Initializing cgroup subsys freezer
[    4.414936] Initializing cgroup subsys net_cls
[    4.416329] Initializing cgroup subsys perf_event
[    4.417744] Initializing cgroup subsys net_prio
[    4.419148] Initializing cgroup subsys hugetlb
[    4.420477] Initializing cgroup subsys pids
[    4.421868] CPU: Physical Processor ID: 0
[    4.423647] CPU: Processor Core ID: 0
[    4.429216] mce: CPU supports 0 MCE banks
[    4.440562] Last level iTLB entries: 4KB 64, 2MB 8, 4MB 8
[    4.442909] Last level dTLB entries: 4KB 64, 2MB 0, 4MB 0, 1GB 4
[    4.449104] Freeing SMP alternatives memory: 32K (ffffffff820b9000 - ffffffff820c1000)
[    4.485564] ftrace: allocating 32131 entries in 126 pages
[    4.559807] smpboot: APIC(0) Converting physical 0 to logical package 0
[    4.572305] smpboot: Max logical packages: 1
[    4.574943] x2apic enabled
[    4.576927] Switched APIC routing to physical x2apic.
[    4.580522] ..TIMER: vector=0x30 apic1=0 pin1=2 apic2=-1 pin2=-1
[    4.686862] smpboot: CPU0: Intel(R) Core(TM) m3-6Y30 CPU @ 0.90GHz (family: 0x6, model: 0x4e, stepping: 0x3)
[    4.698958] Performance Events: unsupported p6 CPU model 78 no PMU driver, software events only.
[    4.703115] KVM setup paravirtual spinlock
[    4.707202] x86: Booting SMP configuration:
[    4.717121] .... node  #0, CPUs:      #1
[    4.721004] kvm-clock: cpu 1, msr 0:c17e3041, secondary cpu clock
[    4.755193] mce: CPU supports 0 MCE banks
[    4.764157] x86: Booted up 1 node, 2 CPUs
[    4.765791] smpboot: Total of 2 processors activated (6047.99 BogoMIPS)
[    4.782755] devtmpfs: initialized
[    4.792493] evm: security.selinux
[    4.793813] evm: security.SMACK64
[    4.795647] evm: security.SMACK64EXEC
[    4.797335] evm: security.SMACK64TRANSMUTE
[    4.798945] evm: security.SMACK64MMAP
[    4.806084] evm: security.ima
[    4.811846] evm: security.capability
[    4.813281] clocksource: jiffies: mask: 0xffffffff max_cycles: 0xffffffff, max_idle_ns: 7645041785100000 ns
[    4.820668] futex hash table entries: 512 (order: 3, 32768 bytes)
[    4.831317] pinctrl core: initialized pinctrl subsystem
[    4.833509] RTC time: 20:09:37, date: 11/05/17
[    4.840457] NET: Registered protocol family 16
[    4.854565] cpuidle: using governor ladder
[    4.878946] cpuidle: using governor menu
[    4.889017] PCCT header not found.
[    4.890260] ACPI: bus type PCI registered
[    4.891526] acpiphp: ACPI Hot Plug PCI Controller Driver version: 0.5
[    4.900411] PCI: Using configuration type 1 for base access
[    4.916037] ACPI: Added _OSI(Module Device)
[    4.920822] ACPI: Added _OSI(Processor Device)
[    4.922789] ACPI: Added _OSI(3.0 _SCP Extensions)
[    4.924676] ACPI: Added _OSI(Processor Aggregator Device)
[    4.927250] ACPI: Executed 1 blocks of module-level executable AML code
[    4.937263] ACPI: Interpreter enabled
[    4.942343] ACPI: (supports S0 S5)
[    4.947749] ACPI: Using IOAPIC for interrupt routing
[    4.951524] PCI: Using host bridge windows from ACPI; if necessary, use "pci=nocrs" and report a bug
[    4.969600] ACPI: PCI Root Bridge [PCI0] (domain 0000 [bus 00-ff])
[    4.973115] acpi PNP0A03:00: _OSC: OS supports [ASPM ClockPM Segments MSI]
[    4.978447] acpi PNP0A03:00: _OSC failed (AE_NOT_FOUND); disabling ASPM
[    4.980917] acpi PNP0A03:00: fail to add MMCONFIG information, can't access extended PCI configuration space under this bridge.
[    4.997335] PCI host bridge to bus 0000:00
[    5.006290] pci_bus 0000:00: root bus resource [io  0x0000-0x0cf7 window]
[    5.019173] pci_bus 0000:00: root bus resource [io  0x0d00-0xffff window]
[    5.032369] pci_bus 0000:00: root bus resource [mem 0x000a0000-0x000bffff window]
[    5.035906] pci_bus 0000:00: root bus resource [mem 0xc1800000-0xffdfffff window]
[    5.041977] pci_bus 0000:00: root bus resource [bus 00-ff]
[    5.047380] pci 0000:00:01.1: legacy IDE quirk: reg 0x10: [io  0x01f0-0x01f7]
[    5.051997] pci 0000:00:01.1: legacy IDE quirk: reg 0x14: [io  0x03f6]
[    5.054253] pci 0000:00:01.1: legacy IDE quirk: reg 0x18: [io  0x0170-0x0177]
[    5.058850] pci 0000:00:01.1: legacy IDE quirk: reg 0x1c: [io  0x0376]
[    5.113875] pci 0000:00:07.0: quirk: [io  0x4000-0x403f] claimed by PIIX4 ACPI
[    5.121930] pci 0000:00:07.0: quirk: [io  0x4100-0x410f] claimed by PIIX4 SMB
[    5.157693] ACPI: PCI Interrupt Link [LNKA] (IRQs 5 9 10 *11)
[    5.183356] ACPI: PCI Interrupt Link [LNKB] (IRQs 5 9 10 *11)
[    5.188472] ACPI: PCI Interrupt Link [LNKC] (IRQs 5 9 *10 11)
[    5.191657] ACPI: PCI Interrupt Link [LNKD] (IRQs 5 *9 10 11)
[    5.195307] ACPI: Enabled 2 GPEs in block 00 to 07
[    5.200072] vgaarb: setting as boot device: PCI:0000:00:02.0
[    5.210335] vgaarb: device added: PCI:0000:00:02.0,decodes=io+mem,owns=io+mem,locks=none
[    5.213708] vgaarb: loaded
[    5.215108] vgaarb: bridge control possible 0000:00:02.0
[    5.217956] SCSI subsystem initialized
[    5.223992] ACPI: bus type USB registered
[    5.232822] usbcore: registered new interface driver usbfs
[    5.235263] usbcore: registered new interface driver hub
[    5.240481] usbcore: registered new device driver usb
[    5.260741] PCI: Using ACPI for IRQ routing
[    5.264107] NetLabel: Initializing
[    5.300554] NetLabel:  domain hash size = 128
[    5.313178] NetLabel:  protocols = UNLABELED CIPSOv4
[    5.315998] NetLabel:  unlabeled traffic allowed by default
[    5.328473] amd_nb: Cannot enumerate AMD northbridges
[    5.330029] clocksource: Switched to clocksource kvm-clock
[    5.340794] AppArmor: AppArmor Filesystem Enabled
[    5.361935] pnp: PnP ACPI init
[    5.380837] pnp: PnP ACPI: found 3 devices
[    5.410752] clocksource: acpi_pm: mask: 0xffffff max_cycles: 0xffffff, max_idle_ns: 2085701024 ns
[    5.426217] NET: Registered protocol family 2
[    5.431522] TCP established hash table entries: 32768 (order: 6, 262144 bytes)
[    5.437469] TCP bind hash table entries: 32768 (order: 7, 524288 bytes)
[    5.459619] TCP: Hash tables configured (established 32768 bind 32768)
[    5.461898] UDP hash table entries: 2048 (order: 4, 65536 bytes)
[    5.465910] UDP-Lite hash table entries: 2048 (order: 4, 65536 bytes)
[    5.468293] NET: Registered protocol family 1
[    5.473854] pci 0000:00:00.0: Limiting direct PCI/PCI transfers
[    5.486291] pci 0000:00:01.0: Activating ISA DMA hang workarounds
[    5.489716] Unpacking initramfs...
[    8.130122] Freeing initrd memory: 10836K (ffff880036ac6000 - ffff88003755b000)
[    8.214042] platform rtc_cmos: registered platform RTC device (no PNP device found)
[    8.296220] Scanning for low memory corruption every 60 seconds
[    8.417846] audit: initializing netlink subsys (disabled)
[    8.481660] audit: type=2000 audit(1509912580.994:1): initialized
[    8.554628] Initialise system trusted keyring
[    8.608516] HugeTLB registered 2 MB page size, pre-allocated 0 pages
[    8.673191] zbud: loaded
[    8.677690] VFS: Disk quotas dquot_6.6.0
[    8.679356] VFS: Dquot-cache hash table entries: 512 (order 0, 4096 bytes)
[    8.785815] squashfs: version 4.0 (2009/01/31) Phillip Lougher
[    8.863591] fuse init (API version 7.23)
[    8.868413] Key type big_key registered
[    8.919149] Allocating IMA MOK and blacklist keyrings.
[    8.980539] Key type asymmetric registered
[    9.029178] Asymmetric key parser 'x509' registered
[    9.077515] Block layer SCSI generic (bsg) driver version 0.4 loaded (major 249)
[    9.167623] io scheduler noop registered
[    9.220658] tsc: Refined TSC clocksource calibration: 1511.645 MHz
[    9.226059] io scheduler deadline registered (default)
[    9.226142] io scheduler cfq registered
[    9.226283] pci_hotplug: PCI Hot Plug PCI Core version: 0.5
[    9.226292] pciehp: PCI Express Hot Plug Controller Driver version: 0.4
[    9.226455] ACPI: AC Adapter [AC] (on-line)
[    9.226527] input: Power Button as /devices/LNXSYSTM:00/LNXPWRBN:00/input/input0
[    9.226531] ACPI: Power Button [PWRF]
[    9.226622] input: Sleep Button as /devices/LNXSYSTM:00/LNXSLPBN:00/input/input1
[    9.226624] ACPI: Sleep Button [SLPF]
[    9.227741] ACPI: Battery Slot [BAT0] (battery present)
[    9.227782] GHES: HEST is not enabled!
[    9.227952] Serial: 8250/16550 driver, 32 ports, IRQ sharing enabled
[    9.359756] 00:02: ttyS0 at I/O 0x3f8 (irq = 4, base_baud = 115200) is a 16550A
[    9.481862] Linux agpgart interface v0.103
[    9.497842] loop: module loaded
[    9.498524] scsi host0: ata_piix
[    9.498589] scsi host1: ata_piix
[    9.498627] ata1: PATA max UDMA/33 cmd 0x1f0 ctl 0x3f6 bmdma 0xd000 irq 14
[    9.498628] ata2: PATA max UDMA/33 cmd 0x170 ctl 0x376 bmdma 0xd008 irq 15
[    9.498716] libphy: Fixed MDIO Bus: probed
[    9.498719] tun: Universal TUN/TAP device driver, 1.6
[    9.498720] tun: (C) 1999-2004 Max Krasnyansky <maxk@qualcomm.com>
[    9.499094] PPP generic driver version 2.4.2
[    9.499158] ehci_hcd: USB 2.0 'Enhanced' Host Controller (EHCI) Driver
[    9.499162] ehci-pci: EHCI PCI platform driver
[    9.499173] ehci-platform: EHCI generic platform driver
[    9.499183] ohci_hcd: USB 1.1 'Open' Host Controller (OHCI) Driver
[    9.499187] ohci-pci: OHCI PCI platform driver
[    9.499197] ohci-platform: OHCI generic platform driver
[    9.499206] uhci_hcd: USB Universal Host Controller Interface driver
[    9.499268] i8042: PNP: PS/2 Controller [PNP0303:PS2K,PNP0f03:PS2M] at 0x60,0x64 irq 1,12
[    9.505331] serio: i8042 KBD port at 0x60,0x64 irq 1
[    9.505337] serio: i8042 AUX port at 0x60,0x64 irq 12
[    9.505471] mousedev: PS/2 mouse device common for all mice
[    9.505840] rtc_cmos rtc_cmos: rtc core: registered rtc_cmos as rtc0
[    9.505915] rtc_cmos rtc_cmos: alarms up to one day, 114 bytes nvram
[    9.505924] i2c /dev entries driver
[    9.505983] device-mapper: uevent: version 1.0.3
[    9.506042] device-mapper: ioctl: 4.34.0-ioctl (2015-10-28) initialised: dm-devel@redhat.com
[    9.506065] ledtrig-cpu: registered to indicate activity on CPUs
[    9.506420] NET: Registered protocol family 10
[    9.506581] NET: Registered protocol family 17
[    9.506592] Key type dns_resolver registered
[    9.508078] microcode: CPU0 sig=0x406e3, pf=0x2, revision=0x0
[    9.508102] microcode: CPU1 sig=0x406e3, pf=0x2, revision=0x0
[    9.508163] microcode: Microcode Update Driver: v2.01 <tigran@aivazian.fsnet.co.uk>, Peter Oruba
[    9.508310] registered taskstats version 1
[    9.508329] Loading compiled-in X.509 certificates
[    9.509148] Loaded X.509 cert 'Build time autogenerated kernel key: 0777615d5208f86b8b4bd2fb3aecc97a191f2831'
[    9.509165] zswap: loaded using pool lzo/zbud
[    9.510788] Key type trusted registered
[    9.513402] Key type encrypted registered
[    9.513407] AppArmor: AppArmor sha1 policy hashing enabled
[    9.513411] ima: No TPM chip found, activating TPM-bypass!
[    9.513430] evm: HMAC attrs: 0x1
[    9.513769]   Magic number: 9:145:194
[    9.522500] rtc_cmos rtc_cmos: setting system clock to 2017-11-05 20:09:41 UTC (1509912581)
[    9.522724] BIOS EDD facility v0.16 2004-Jun-25, 0 devices found
[    9.522724] EDD information not available.
[    9.732117] input: AT Translated Set 2 keyboard as /devices/platform/i8042/serio0/input/input2
[   10.617364] clocksource: tsc: mask: 0xffffffffffffffff max_cycles: 0x15ca1b3fcaf, max_idle_ns: 440795224639 ns
[   10.630975] Freeing unused kernel memory: 1488K (ffffffff81f45000 - ffffffff820b9000)
[   10.658832] Write protecting the kernel read-only data: 14336k
[   10.662300] Freeing unused kernel memory: 1752K (ffff88000184a000 - ffff880001a00000)
[   10.666515] Freeing unused kernel memory: 112K (ffff880001de4000 - ffff880001e00000)
Loading, please [   10.788288] random: systemd-udevd: uninitialized urandom read (16 bytes read, 5 bits of entropy available)
wait...
startin[   10.789152] random: udevadm: uninitialized urandom read (16 bytes read, 5 bits of entropy available)
g version 229
[   10.789200] random: udevadm: uninitialized urandom read (16 bytes read, 5 bits of entropy available)
[   10.789355] random: udevadm: uninitialized urandom read (16 bytes read, 5 bits of entropy available)
[   10.789548] random: udevadm: uninitialized urandom read (16 bytes read, 5 bits of entropy available)
[   10.789608] random: udevadm: uninitialized urandom read (16 bytes read, 5 bits of entropy available)
[   10.789661] random: udevadm: uninitialized urandom read (16 bytes read, 5 bits of entropy available)
[   10.789706] random: udevadm: uninitialized urandom read (16 bytes read, 5 bits of entropy available)
[   10.789750] random: udevadm: uninitialized urandom read (16 bytes read, 5 bits of entropy available)
[   10.789796] random: udevadm: uninitialized urandom read (16 bytes read, 5 bits of entropy available)
[   10.932834] e1000: Intel(R) PRO/1000 Network Driver - version 7.3.21-k8-NAPI
[   10.951944] e1000: Copyright (c) 1999-2006 Intel Corporation.
[   10.996708] Fusion MPT base driver 3.04.20
[   11.005223] Copyright (c) 1999-2008 LSI Corporation
[   11.014180] Fusion MPT SPI Host driver 3.04.20
[   11.021862] mptbase: ioc0: Initiating bringup
[   11.036278] AVX version of gcm_enc/dec engaged.
[   11.044596] AES CTR mode by8 optimization enabled
[   11.107032] ioc0: LSI53C1030 A0: Capabilities={Initiator}
[   11.201349] input: ImExPS/2 Generic Explorer Mouse as /devices/platform/i8042/serio1/input/input4
[   11.520448] scsi host2: ioc0: LSI53C1030 A0, FwRev=00000000h, Ports=1, MaxQ=256, IRQ=20
[   11.783985] scsi 2:0:0:0: Direct-Access     VBOX     HARDDISK         1.0  PQ: 0 ANSI: 5
[   11.825890] scsi target2:0:0: Beginning Domain Validation
[   11.831382] scsi target2:0:0: Domain Validation skipping write tests
[   11.843118] scsi target2:0:0: Ending Domain Validation
[   11.850877] scsi target2:0:0: asynchronous
[   11.866335] scsi 2:0:1:0: Direct-Access     VBOX     HARDDISK         1.0  PQ: 0 ANSI: 5
[   11.870194] scsi target2:0:1: Beginning Domain Validation
[   11.876112] scsi target2:0:1: Domain Validation skipping write tests
[   11.890210] scsi target2:0:1: Ending Domain Validation
[   11.904653] scsi target2:0:1: asynchronous
[   11.935120] sd 2:0:0:0: Attached scsi generic sg0 type 0
[   11.939133] sd 2:0:0:0: [sda] 20971520 512-byte logical blocks: (10.7 GB/10.0 GiB)
[   11.942817] sd 2:0:1:0: [sdb] 20480 512-byte logical blocks: (10.5 MB/10.0 MiB)
[   11.954248] sd 2:0:0:0: [sda] Write Protect is off
[   11.957200] sd 2:0:1:0: Attached scsi generic sg1 type 0
[   11.960187] sd 2:0:0:0: [sda] Incomplete mode parameter data
[   11.963008] sd 2:0:0:0: [sda] Assuming drive cache: write through
[   11.965488] sd 2:0:1:0: [sdb] Write Protect is off
[   11.968121] sd 2:0:1:0: [sdb] Incomplete mode parameter data
[   11.969660] sd 2:0:1:0: [sdb] Assuming drive cache: write through
[   11.973180]  sda: sda1
[   11.976937] sd 2:0:0:0: [sda] Attached SCSI disk
[   11.979479] sd 2:0:1:0: [sdb] Attached SCSI disk
[   12.192864] e1000 0000:00:03.0 eth0: (PCI:33MHz:32-bit) 02:50:7f:03:3f:72
[   12.275553] e1000 0000:00:03.0 eth0: Intel(R) PRO/1000 Network Connection
[   12.731518] e1000 0000:00:08.0 eth1: (PCI:33MHz:32-bit) 08:00:27:af:b9:3e
[   12.800175] e1000 0000:00:08.0 eth1: Intel(R) PRO/1000 Network Connection
[   12.804428] e1000 0000:00:08.0 enp0s8: renamed from eth1
[   12.894575] e1000 0000:00:03.0 enp0s3: renamed from eth0
[   13.996192] floppy0: no floppy controllers found
Begin: Loading e[   15.538370] md: linear personality registered for level -1
ssential drivers ... [   15.623528] md: multipath personality registered for level -4
[   15.711071] md: raid0 personality registered for level 0
[   15.769161] md: raid1 personality registered for level 1
[   15.866769] raid6: sse2x1   gen()  6101 MB/s
[   15.942189] raid6: sse2x1   xor()  3670 MB/s
[   16.058369] raid6: sse2x2   gen()  6878 MB/s
[   16.139151] raid6: sse2x2   xor()  5000 MB/s
[   16.254883] raid6: sse2x4   gen()  7125 MB/s
[   16.327326] raid6: sse2x4   xor()  5529 MB/s
[   16.345249] raid6: using algorithm sse2x4 gen() 7125 MB/s
[   16.346718] raid6: .... xor() 5529 MB/s, rmw enabled
[   16.348071] raid6: using ssse3x2 recovery algorithm
[   16.351488] xor: automatically using best checksumming function:
[   16.402335]    avx       : 13356.000 MB/sec
[   16.448581] async_tx: api initialized (async)
[   16.507633] md: raid6 personality registered for level 6
[   16.566115] md: raid5 personality registered for level 5
[   16.582637] md: raid4 personality registered for level 4
[   16.628117] md: raid10 personality registered for level 10
done.
Begin: Running /scripts/init-premount ... done.
Begin: Mounting root file system ... Begin: Running /scripts/local-top ... done.
Begin: Ru[   16.681057] Btrfs loaded
nning /scripts/local-premount ... Scanning for Btrfs filesystems
done.
Warning: fsck not present, so skipping root file system
[   16.733268] EXT4-fs (sda1): mounted filesystem with ordered data mode. Opts: (null)
done.
Begin: Running /scripts/local-bottom ... done.
Begin: Running /scripts/init-bottom ... done.
[   16.870428] systemd[1]: systemd 229 running in system mode. (+PAM +AUDIT +SELINUX +IMA +APPARMOR +SMACK +SYSVINIT +UTMP +LIBCRYPTSETUP +GCRYPT +GNUTLS +ACL +XZ -LZ4 +SECCOMP +BLKID +ELFUTILS +KMOD -IDN)
[   16.956138] systemd[1]: Detected virtualization oracle.
[   16.960865] systemd[1]: Detected architecture x86-64.

Welcome to [1mUbuntu 16.04.3 LTS[0m!

[   16.999958] systemd[1]: Set hostname to <ubuntu>.
[   17.047153] systemd[1]: Initializing machine ID from random generator.
[   17.091699] systemd[1]: Installed transient /etc/machine-id file.
[   17.343490] systemd[1]: Listening on LVM2 metadata daemon socket.
[[0;32m  OK  [0m] Listening on LVM2 metadata daemon socket.
[   17.370496] systemd[1]: Started Forward Password Requests to Wall Directory Watch.
[[0;32m  OK  [0m] Started Forward Password Requests to Wall Directory Watch.
[   17.576647] systemd[1]: Created slice System Slice.
[[0;32m  OK  [0m] Created slice System Slice.
[   17.729409] systemd[1]: Created slice system-serial\x2dgetty.slice.
[[0;32m  OK  [0m] Created slice system-serial\x2dgetty.slice.
[   17.914220] systemd[1]: Set up automount Arbitrary Executable File Formats File System Automount Point.
[[0;32m  OK  [0m] Set up automount Arbitrary Executab...ats File System Automount Point.
[   18.022847] systemd[1]: Reached target Swap.
[[0;32m  OK  [0m] Reached target Swap.
[   18.131531] systemd[1]: Listening on Journal Socket (/dev/log).
[[0;32m  OK  [0m] Listening on Journal Socket (/dev/log).
[   18.315440] systemd[1]: Reached target Encrypted Volumes.
[[0;32m  OK  [0m] Reached target Encrypted Volumes.
[   18.371007] systemd[1]: Listening on udev Kernel Socket.
[[0;32m  OK  [0m] Listening on udev Kernel Socket.
[   18.394503] systemd[1]: Listening on Syslog Socket.
[[0;32m  OK  [0m] Listening on Syslog Socket.
[   18.422127] systemd[1]: Listening on LVM2 poll daemon socket.
[[0;32m  OK  [0m] Listening on LVM2 poll daemon socket.
[   18.502870] systemd[1]: Listening on Device-mapper event daemon FIFOs.
[[0;32m  OK  [0m] Listening on Device-mapper event daemon FIFOs.
[   18.726975] systemd[1]: Listening on udev Control Socket.
[[0;32m  OK  [0m] Listening on udev Control Socket.
[   18.896057] systemd[1]: Created slice User and Session Slice.
[[0;32m  OK  [0m] Created slice User and Session Slice.
[   19.011025] systemd[1]: Reached target Slices.
[[0;32m  OK  [0m] Reached target Slices.
[   19.091518] systemd[1]: Started Trigger resolvconf update for networkd DNS.
[[0;32m  OK  [0m] Started Trigger resolvconf update for networkd DNS.
[   19.287096] systemd[1]: Listening on Journal Socket.
[[0;32m  OK  [0m] Listening on Journal Socket.
[   19.450451] systemd[1]: Starting Remount Root and Kernel File Systems...
[   19.464235] EXT4-fs (sda1): re-mounted. Opts: (null)
         Starting Remount Root and Kernel File Systems...
[   19.510437] systemd[1]: Starting Load Kernel Modules...
[   19.511045] random: nonblocking pool is initialized
[   19.531586] Loading iSCSI transport class v2.0-870.
         Starting Load Kernel Modules...
[   19.544831] iscsi: registered transport (tcp)
[   19.573153] systemd[1]: Starting Uncomplicated firewall...
         Starting Uncomplicated firewall...
[   19.600353] iscsi: registered transport (iser)
[   19.635170] systemd[1]: Starting Monitoring of LVM2 mirrors, snapshots etc. using dmeventd or progress polling...
         Starting Monitoring of LVM2 mirrors... dmeventd or progress polling...
[   19.750549] systemd[1]: Mounting POSIX Message Queue File System...
         Mounting POSIX Message Queue File System...
[   19.898771] systemd[1]: Mounting Debug File System...
         Mounting Debug File System...
[   19.967118] systemd[1]: Starting Nameserver information manager...
         Starting Nameserver information manager...
[   20.039153] systemd[1]: Mounting Huge Pages File System...
         Mounting Huge Pages File System...
[   20.143116] systemd[1]: Starting Create list of required static device nodes for the current kernel...
         Starting Create list of required st... nodes for the current kernel...
[   20.300197] systemd[1]: Listening on Journal Audit Socket.
[[0;32m  OK  [0m] Listening on Journal Audit Socket.
[   20.491255] systemd[1]: Reached target User and Group Name Lookups.
[[0;32m  OK  [0m] Reached target User and Group Name Lookups.
[   20.570760] systemd[1]: Starting Journal Service...
         Starting Journal Service...
[   20.609057] systemd[1]: Listening on /dev/initctl Compatibility Named Pipe.
[[0;32m  OK  [0m] Listening on /dev/initctl Compatibility Named Pipe.
[   20.694326] systemd[1]: Starting Set console keymap...
         Starting Set console keymap...
[   20.752813] systemd[1]: Mounted Huge Pages File System.
[[0;32m  OK  [0m] Mounted Huge Pages File System.
[   20.774574] systemd[1]: Mounted Debug File System.
[[0;32m  OK  [0m] Mounted Debug File System.
[   20.879582] systemd[1]: Mounted POSIX Message Queue File System.
[[0;32m  OK  [0m] Mounted POSIX Message Queue File System.
[   21.023394] systemd[1]: Started Journal Service.
[[0;32m  OK  [0m] Started Journal Service.
[[0;32m  OK  [0m] Started Remount Root and Kernel File Systems.
[[0;32m  OK  [0m] Started Load Kernel Modules.
[[0;32m  OK  [0m] Started Uncomplicated firewall.
[[0;32m  OK  [0m] Started Create list of required sta...ce nodes for the current kernel.
[[0;32m  OK  [0m] Started Set console keymap.
[[0;32m  OK  [0m] Started Nameserver information manager.
[[0;32m  OK  [0m] Started LVM2 metadata daemon.
         Starting Create Static Device Nodes in /dev...
         Mounting FUSE Control File System...
         Starting Apply Kernel Variables...
         Starting udev Coldplug all Devices...
         Starting Load/Save Random Seed...
         Starting Initial cloud-init job (pre-networking)...
         Starting Flush Journal to Persistent Storage...
[[0;32m  OK  [0m] Mounted FUSE Control File System.
[[0;32m  OK  [0m] Started Create Static Device Nodes in /dev.
[[0;32m  OK  [0m] Started Apply Kernel Variables.
[[0;32m  OK  [0m] Started Load/Save Random Seed.
[[0;32m  OK  [0m] Started udev Coldplug all Devices.
[[0;32m  OK  [0m] Started Monitoring of LVM2 mirrors,...ng dmeventd or progress polling.
[[0;32m  OK  [0m] Started Flush Journal to Persistent Storage.
         Starting udev Kernel Device Manager...
[[0;32m  OK  [0m] Started udev Kernel Device Manager.
[[0;32m  OK  [0m] Started Dispatch Password Requests to Console Directory Watch.
[[0;32m  OK  [0m] Reached target Local File Systems (Pre).
[[0;32m  OK  [0m] Reached target Local File Systems.
         Starting Set console font and keymap...
         Starting Tell Plymouth To Write Out Runtime Data...
         Starting LSB: AppArmor initialization...
         Starting Create Volatile Files and Directories...
         Starting Commit a transient machine-id on disk...
[[0;32m  OK  [0m] Started Tell Plymouth To Write Out Runtime Data.
[[0;32m  OK  [0m] Started Create Volatile Files and Directories.
[[0;32m  OK  [0m] Started Commit a transient machine-id on disk.
         Starting Update UTMP about System Boot/Shutdown...
[[0;32m  OK  [0m] Reached target System Time Synchronized.
[[0;32m  OK  [0m] Started Update UTMP about System Boot/Shutdown.
[[0;32m  OK  [0m] Found device /dev/ttyS0.
[[0;32m  OK  [0m] Listening on Load/Save RF Kill Switch Status /dev/rfkill Watch.
[   19.864063] cloud-init[456]: Cloud-init v. 0.7.9 running 'init-local' at Sun, 05 Nov 2017 20:09:55 +0000. Up 19.15 seconds.
[[0;32m  OK  [0m] Started Set console font and keymap.
[[0;32m  OK  [0m] Started LSB: AppArmor initialization.
[[0;32m  OK  [0m] Started Initial cloud-init job (pre-networking).
[[0;32m  OK  [0m] Reached target Network (Pre).
         Starting Raise network interfaces...
[[0;32m  OK  [0m] Created slice system-getty.slice.
[[0;32m  OK  [0m] Started Raise network interfaces.
[[0;32m  OK  [0m] Reached target Network.
         Starting Initial cloud-init job (metadata service crawler)...
[   22.715127] cloud-init[939]: Cloud-init v. 0.7.9 running 'init' at Sun, 05 Nov 2017 20:09:58 +0000. Up 21.96 seconds.
[   22.719049] cloud-init[939]: ci-info: ++++++++++++++++++++++++++++++++++++++Net device info++++++++++++++++++++++++++++++++++++++
[   22.730800] cloud-init[939]: ci-info: +--------+-------+----------------------------+---------------+-------+-------------------+
[   22.749188] cloud-init[939]: ci-info: | Device |   Up  |          Address           |      Mask     | Scope |     Hw-Address    |
[   22.759651] cloud-init[939]: ci-info: +--------+-------+----------------------------+---------------+-------+-------------------+
[   22.764002] cloud-init[939]: ci-info: | enp0s8 | False |             .              |       .       |   .   | 08:00:27:af:b9:3e |
[   22.780783] cloud-init[939]: ci-info: | enp0s3 |  True |         10.0.2.15          | 255.255.255.0 |   .   | 02:50:7f:03:3f:72 |
[   22.797764] cloud-init[939]: ci-info: | enp0s3 |  True | fe80::50:7fff:fe03:3f72/64 |       .       |  link | 02:50:7f:03:3f:72 |
[   22.808878] [[0;32m  OK  [0m] Started Initial cloud-init job (metadata service crawler).
cloud-init[939]: ci-info: |   lo   |  True |         127.0.0.1          |   255.0.0.0   |   .   |         .         |
[   22.822604] [cloud-init[0;32m  OK  [0m[939]: ] ci-info: |   lo   |  True |          ::1/128           |       .       |  host |         .         |Reached target Cloud-config availability.

[   22.823198] [[0;32m  OK  [0m] Reached target System Initialization.
[[0;32m  OK  [0m] Started Timer to automatically refresh installed snaps.
         Starting Socket activation for snappy daemon.
cloud-init[939]: ci-info: +--------+-------+----------------------------+---------------+-------+-------------------+
[   22.841105] [[0;32m  OK  [0m] Listening on D-Bus System Message Bus Socket.
cloud-init[939]: ci-info: +++++++++++++++++++++++++++Route IPv4 info++++++++++++++++++++++++++++
[   22.853886] [[0;32m  OK  [0m] Started ACPI Events Check.
[[0;32m  OK  [0m] Reached target Paths.
[[0;32m  OK  [0m] Listening on ACPID Listen Socket.
[[0;32m  OK  [0m] Started Daily Cleanup of Temporary Directories.
cloud-init[939]: ci-info: +-------+-------------+----------+---------------+-----------+-------+
[   22.862374]          cloud-initStarting LXD - unix socket.[939]: 
ci-info: | Route | Destination | Gateway  |    Genmask    | Interface | Flags |
[   22.874705] [cloud-init[0;32m  OK  [0m[939]: ] ci-info: +-------+-------------+----------+---------------+-----------+-------+Listening on UUID daemon activation socket.

[   22.876137] [cloud-init[0;32m  OK  [0m[939]: ] ci-info: |   0   |   0.0.0.0   | 10.0.2.2 |    0.0.0.0    |   enp0s3  |   UG  |Reached target Network is Online.

[   22.908571]          cloud-initStarting iSCSI initiator daemon (iscsid)...[939]: 
ci-info: |   1   |   10.0.2.0  | 0.0.0.0  | 255.255.255.0 |   enp0s3  |   U   |
[   22.925472] [cloud-init[0;32m  OK  [0m[939]: ] ci-info: +-------+-------------+----------+---------------+-----------+-------+Started Daily apt download activities.

[   22.934309] [cloud-init[0;32m  OK  [0m[939]: ] Generating public/private rsa key pair.Started Daily apt upgrade and clean activities.

[[0;32m  OK  [0m] Reached target Timers.
[   22.935022] cloud-init[939]: Your identification has been saved in /etc/ssh/ssh_host_rsa_key.
[   22.961166] [cloud-init[0;32m  OK  [0m[939]: ] Your public key has been saved in /etc/ssh/ssh_host_rsa_key.pub.Listening on Socket activation for snappy daemon.

[   22.970516] [cloud-init[0;32m  OK  [0m[939]: ] The key fingerprint is:Listening on LXD - unix socket.

[   22.971246] cloud-init[939]: SHA256:p8PC7alUeMIsLEn3FrD6bHlKls+WhPwnw8ZwdtZkZg8 root@ubuntu-xenial
[   22.997525] cloud-init[939]: The key's randomart image is:
[   23.000236] cloud-init[939]: +---[RSA 2048]----+
[   23.004632] cloud-init[939]: |    .            |
[   23.009058] cloud-init[939]: |     o           |
[   23.021311] [cloud-init[0;32m  OK  [0m[939]: ] |  . o .          |Started iSCSI initiator daemon (iscsid).

[   23.021972] cloud-init[939]: | . = + o  E      |
[   23.049167] cloud-init[939]: |  +.o.B S*.o     |
[   23.064651]          cloud-initStarting Login to default iSCSI targets...[939]: 
|   ++*+*oo. .    |
[   23.073463] [[0;32m  OK  [0m] Reached target Sockets.
[[0;32m  OK  [0m] Reached target Basic System.
cloud-init[939]: |    OO=+=        |
         Starting LSB: MD monitoring daemon...
[   23.103721] cloud-init[939]: |   + *Xo.o       |
[   23.124786] cloud-init[939]: |    .o+=o        |
[[0;32m  OK  [0m] Started Deferred execution scheduler.
         Starting Login Service...
         Starting Pollinate to seed the pseudo random number generator...
[   23.128974] cloud-init[939]: +----[SHA256]-----+
[   23.168296] cloud-init[939]: Generating public/private dsa key pair.
[   23.168607] cloud-init[939]: Your identification has been saved in /etc/ssh/ssh_host_dsa_key.
         Starting LSB: Record successful boot for GRUB...
[   23.168865] cloud-init[939]: Your public key has been saved in /etc/ssh/ssh_host_dsa_key.pub.
[   23.193259] cloud-init[939]: The key fingerprint is:
[[0;32m  OK  [0m] Started Unattended Upgrades Shutdown.
[   23.193492] cloud-init[939]: SHA256:+W2lbKxMkjBeskLIm9ULXgZ8T/hXj0czIWTPk/g8hkw root@ubuntu-xenial
         Starting /etc/rc.local Compatibility...
[   23.254925] cloud-init[939]: The key's randomart image is:         
Starting Accounts Service...
[   23.260543] cloud-init[939]: +---[DSA 1024]----+
[   23.285950] cloud-init[939]: |           .+ .  |
[   23.290168] cloud-init[939]: |   .   .   . = o |
[   23.294972] cloud-init[939]: |    o o .   E O  |
[   23.298313] [cloud-init[0;32m  OK  [0m[939]: ] | . . + + . + B + |Started FUSE filesystem for LXC.

[   23.299102] cloud-init[939]: |  o + B S . + O  |
[   23.326474] cloud-init[939]: |   * = B + + = . |
[   23.349271] [cloud-init[0;32m  OK  [0m[939]: ] |  o o + o o B    |Started D-Bus System Message Bus.

[   23.349971] cloud-init[939]: |     .   + +     |
[   23.394735]          cloud-initStarting LXD - container startup/shutdown...[939]: 
|          o      |
[   23.428829] [cloud-init[0;32m  OK  [0m[939]: ] +----[SHA256]-----+Started ACPI event daemon.

[   23.429618] cloud-init[939]: Generating public/private ecdsa key pair.
[   23.452606] cloud-init[939]: Your identification has been saved in /etc/ssh/ssh_host_ecdsa_key.
[   23.466167]          cloud-initStarting System Logging Service...[939]: 
Your public key has been saved in /etc/ssh/ssh_host_ecdsa_key.pub.
         Starting Apply the settings specified in cloud-config...
[   23.494998] cloud-init[939]: The key fingerprint is:
[   23.501416] cloud-init[939]: SHA256:yENnYZrMq9ew4QR7/Bh+LoNqr/OIfUP4uxqpFFQmRd0 root@ubuntu-xenial
[   23.507972] cloud-init[939]: The key's randomart image is:
[[0;32m  OK  [0m] Started Regular background program processing daemon.
[   23.527950] [[0;32m  OK  [0m] Started Snappy daemon.
         Starting Auto import assertions from block devices...
cloud-init[939]: +---[ECDSA 256]---+
[   23.540890] cloud-init[939]: | .o=. . o        |
[   23.545017] cloud-init[939]: |  +  + E .       |
[[0;32m  OK  [0m] Started System Logging Service.
[[0;32m  OK  [0m] Started /etc/rc.local Compatibility.
[[0;32m  OK  [0m] Started LXD - container startup/shutdown.
[[0;32m  OK  [0m] Started Auto import assertions from block devices.
[[0;32m  OK  [0m] Started Pollinate to seed the pseudo random number generator.
[   23.553867] cloud-init[939]: | .  . * o        |
[   23.680580] cloud-init[939]: |.    * =         |
[   23.716747] cloud-init[939]: | . .. % S        |
[   23.724977] cloud-init[939]: |  o..* X         |
[   23.732427] cloud-init[939]: | .oo..* +        |
[   23.752920] cloud-init[939]: |.+oo=.oo         |
[   23.759805] cloud-init[939]: |o.*O=+ o.        |
[   23.767047] cloud-init[939]: +----[SHA256]-----+
[   23.774934] cloud-init[939]: Generating public/private ed25519 key pair.
[[0;32m  OK  [0m] Started LSB: MD monitoring daemon.
[   23.795605] cloud-init[939]: Your identification has been saved in /etc/ssh/ssh_host_ed25519_key.
[   23.812518] cloud-init[939]: Your public key has been saved in /etc/ssh/ssh_host_ed25519_key.pub.
[[0;32m  OK  [0m] Started LSB: Record successful boot for GRUB.
[[0;32m  OK  [0m] Started Login to default iSCSI targets.
[   23.824328] cloud-init[939]: The key fingerprint is:
[   23.844743] cloud-init[939]: SHA256:nx63rKmz3hi+qoT38kOus2ViCSWYDMpkYzakBdxDAzM root@ubuntu-xenial
[   23.852449] cloud-init[939]: The key's randomart image is:
[   23.855822] cloud-init[939]: +--[ED25519 256]--+
[   23.872417] cloud-init[939]: |=E=o             |
[   23.875675] cloud-init[939]: |@==o.            |
[   23.879975] cloud-init[939]: |=o. o            |
[   23.900627] cloud-init[939]: |   o             |
[   23.911453] cloud-init[939]: |  .     S        |
[[0;32m  OK  [0m] Started Login Service.
[   23.925698] cloud-init[939]: |   o ..  . .     |
[   23.931943] cloud-init[939]: |  . *oo . + .    |
[   23.936934] cloud-init[939]: |   +o=o..= = .   |
         Starting Authenticate and Authorize Users to Run Privileged Tasks...
[[0;32m  OK  [0m] Reached target Remote File Systems (Pre).
[[0;32m  OK  [0m] Reached target Remote File Systems.
[   23.946430] cloud-init[939]: |    +B++B==.o    |
[   24.015370] cloud-init[939]: +----[SHA256]-----+
         Starting LSB: automatic crash report generation...
         Starting LSB: daemon to balance interrupts for SMP systems...
         Starting Permit User Sessions...
         Starting LSB: Set the CPU Frequency Scaling governor to "ondemand"...
         Starting LSB: VirtualBox Linux Additions...
         Starting OpenBSD Secure Shell server...
[[0;32m  OK  [0m] Started Permit User Sessions.
[[0;32m  OK  [0m] Started OpenBSD Secure Shell server.
[[0;32m  OK  [0m] Started Authenticate and Authorize Users to Run Privileged Tasks.
[[0;32m  OK  [0m] Started Accounts Service.
         Starting Terminate Plymouth Boot Screen...
         Starting Hold until boot process finishes up...
[[0;32m  OK  [0m] Started LSB: Set the CPU Frequency Scaling governor to "ondemand".
[[0;32m  OK  [0m] Started Terminate Plymouth Boot Screen.
[[0;32m  OK  [0m] Started LSB: daemon to balance interrupts for SMP systems.
[[0;32m  OK  [0m] Started LSB: automatic crash report generation.
[[0;32m  OK  [0m] Started LSB: VirtualBox Linux Additions.
[[0;32m  OK  [0m] Started Hold until boot process finishes up.
         Starting Set console scheme...
[[0;32m  OK  [0m] Started Getty on tty1.
[[0;32m  OK  [0m] Started Serial Getty on ttyS0.
[[0;32m  OK  [0m] Reached target Login Prompts.
[[0;32m  OK  [0m] Reached target Multi-User System.
[[0;32m  OK  [0m] Reached target Graphical Interface.
         Starting Update UTMP about System Runlevel Changes...
[[0;32m  OK  [0m] Started Set console scheme.
[[0;32m  OK  [0m] Started Update UTMP about System Runlevel Changes.
[   24.531181] cloud-init[1117]: Generating locales (this might take a while)...
[   26.009078] cloud-init[1117]:   en_US.UTF-8... done
[   26.018021] cloud-init[1117]: Generation complete.
         Stopping OpenBSD Secure Shell server...
[[0;32m  OK  [0m] Stopped OpenBSD Secure Shell server.
         Starting OpenBSD Secure Shell server...
[[0;32m  OK  [0m] Started OpenBSD Secure Shell server.
[   26.603837] cloud-init[1117]: Cloud-init v. 0.7.9 running 'modules:config' at Sun, 05 Nov 2017 20:10:01 +0000. Up 24.34 seconds.
[[0;32m  OK  [0m] Started Apply the settings specified in cloud-config.
         Starting Execute cloud user/final scripts...
ci-info: no authorized ssh keys fingerprints found for user ubuntu.
<14>Nov  5 20:10:04 ec2: 
<14>Nov  5 20:10:04 ec2: #############################################################
<14>Nov  5 20:10:04 ec2: -----BEGIN SSH HOST KEY FINGERPRINTS-----
<14>Nov  5 20:10:04 ec2: 1024 SHA256:+W2lbKxMkjBeskLIm9ULXgZ8T/hXj0czIWTPk/g8hkw root@ubuntu-xenial (DSA)
<14>Nov  5 20:10:04 ec2: 256 SHA256:yENnYZrMq9ew4QR7/Bh+LoNqr/OIfUP4uxqpFFQmRd0 root@ubuntu-xenial (ECDSA)
<14>Nov  5 20:10:04 ec2: 256 SHA256:nx63rKmz3hi+qoT38kOus2ViCSWYDMpkYzakBdxDAzM root@ubuntu-xenial (ED25519)
<14>Nov  5 20:10:04 ec2: 2048 SHA256:p8PC7alUeMIsLEn3FrD6bHlKls+WhPwnw8ZwdtZkZg8 root@ubuntu-xenial (RSA)
<14>Nov  5 20:10:04 ec2: -----END SSH HOST KEY FINGERPRINTS-----
<14>Nov  5 20:10:04 ec2: #############################################################
-----BEGIN SSH HOST KEY KEYS-----
ecdsa-sha2-nistp256 AAAAE2VjZHNhLXNoYTItbmlzdHAyNTYAAAAIbmlzdHAyNTYAAABBBOm2ITD2NGpWkxcftblOCH+t1XQ3h8EDsv28f3oO9icUNvkqGPOSPSrh1mAmd3sasRBthHNeWhoGjrkOFZA7LZ4= root@ubuntu-xenial
ssh-ed25519 AAAAC3NzaC1lZDI1NTE5AAAAIER+/HmvzKrVKuUc/x0fEiA6fBVXSHK7nUO4EhBrXWhR root@ubuntu-xenial
ssh-rsa AAAAB3NzaC1yc2EAAAADAQABAAABAQCyFaJH3FFCEmFoHstcxXVYD4xDVopGpNJEC0/mPAUB5sFwLSPF9M1renfJCyg/7oviOo3l1SL9Ap4iGx8P5WsLKiNTQ/hX6TFhUdf1Z2oiBFb+laQAyefIyggVEzRkNmIwRnjAetWcAoHGvcFYidvlElqJZxP83Fk2yQjzp4ILnzSFiKG8pIwQaI9x8zg9wZkOGuWdr/R0R18QCZ9v04lNhtjAkbwSTBhL1P7rj+eMPLQtzGID37X5+K4IF6eerMoXXX9oRTaE0mwIZnWCzep8CmJFpJo5qrqhoneEHFWyTcxKw4cd1+B6QvLFDKJSl1k0jHoFHeyoQbIVXYVne3AP root@ubuntu-xenial
-----END SSH HOST KEY KEYS-----
[   27.486176] cloud-init[1306]: Cloud-init v. 0.7.9 running 'modules:final' at Sun, 05 Nov 2017 20:10:03 +0000. Up 27.15 seconds.
[   27.512932] cloud-init[1306]: ci-info: no authorized ssh keys fingerprints found for user ubuntu.
[   27.517094] cloud-init[1306]: Cloud-init v. 0.7.9 finished at Sun, 05 Nov 2017 20:10:04 +0000. Datasource DataSourceNoCloud [seed=/dev/sdb][dsmode=net].  Up 27.47 seconds
[[0;32m  OK  [0m] Started Execute cloud user/final scripts.
[[0;32m  OK  [0m] Reached target Cloud-init target.

Ubuntu 16.04.3 LTS ubuntu-xenial ttyS0

ubuntu-xenial login: 